
Thu Jun 19 09:14:34 EDT 2025
cd /Freesurfer_output/sub-11968_ses-1
setenv SUBJECTS_DIR /Freesurfer_output
/opt/freesurfer/bin/recon-all -subjid sub-11968_ses-1 -sd /Freesurfer_output -3T -i /BIDS/sub-11968/ses-1/anat/sub-11968_ses-1_T1w.nii.gz -T2 /BIDS/sub-11968/ses-1/anat/sub-11968_ses-1_T2w.nii.gz -T2pial -all -openmp 1

subjid sub-11968_ses-1
setenv SUBJECTS_DIR /Freesurfer_output
FREESURFER_HOME /opt/freesurfer
Actual FREESURFER_HOME /opt/freesurfer
build-stamp.txt: freesurfer-linux-centos7_x86_64-7.4.1-20230613-7eb8460
Linux rhea.wpic.upmc.edu 6.1.0-22-amd64 #1 SMP PREEMPT_DYNAMIC Debian 6.1.94-1 (2024-06-21) x86_64 x86_64 x86_64 GNU/Linux
cputime      unlimited
filesize     unlimited
datasize     unlimited
stacksize    8192 kbytes
coredumpsize 0 kbytes
memoryuse    unlimited
vmemoryuse   unlimited
descriptors  1024 
memorylocked 82545240 kbytes
maxproc      2579316 
maxlocks     unlimited
maxsignal    2579316 
maxmessage   819200 
maxnice      0 
maxrtprio    0 
maxrttime    unlimited

               total        used        free      shared  buff/cache   available
Mem:           629Gi        85Gi       104Gi       194Mi       440Gi       540Gi
Swap:          242Mi       242Mi       0.0Ki

########################################
program versions used
7.4.1 (freesurfer-linux-centos7_x86_64-7.4.1-20230613-7eb8460)
7.4.1

ProgramName: lta_convert  ProgramArguments: lta_convert -all-info  ProgramVersion: 7.4.1  TimeStamp: 2025/06/19-13:14:35-GMT  BuildTime: Jun 13 2023 22:52:23  BuildStamp: freesurfer-linux-centos7_x86_64-7.4.1-20230613-7eb8460  User: foranw  Machine: rhea.wpic.upmc.edu  Platform: Linux  PlatformVersion: 6.1.0-22-amd64  CompilerName: GCC  CompilerVersion: 4.8.5
ProgramName: mri_and  ProgramArguments: mri_and -all-info  ProgramVersion: 7.4.1  TimeStamp: 2025/06/19-13:14:35-GMT  BuildTime: Jun 13 2023 22:52:23  BuildStamp: freesurfer-linux-centos7_x86_64-7.4.1-20230613-7eb8460  User: foranw  Machine: rhea.wpic.upmc.edu  Platform: Linux  PlatformVersion: 6.1.0-22-amd64  CompilerName: GCC  CompilerVersion: 4.8.5
ProgramName: mri_annotation2label  ProgramArguments: mri_annotation2label -all-info  ProgramVersion: 7.4.1  TimeStamp: 2025/06/19-13:14:35-GMT  BuildTime: Jun 13 2023 22:52:23  BuildStamp: freesurfer-linux-centos7_x86_64-7.4.1-20230613-7eb8460  User: foranw  Machine: rhea.wpic.upmc.edu  Platform: Linux  PlatformVersion: 6.1.0-22-amd64  CompilerName: GCC  CompilerVersion: 4.8.5
ProgramName: mri_aparc2aseg  ProgramArguments: mri_aparc2aseg -all-info  ProgramVersion: 7.4.1  TimeStamp: 2025/06/19-13:14:35-GMT  BuildTime: Jun 13 2023 22:52:23  BuildStamp: freesurfer-linux-centos7_x86_64-7.4.1-20230613-7eb8460  User: foranw  Machine: rhea.wpic.upmc.edu  Platform: Linux  PlatformVersion: 6.1.0-22-amd64  CompilerName: GCC  CompilerVersion: 4.8.5
ProgramName: mri_surf2volseg  ProgramArguments: mri_surf2volseg -all-info  ProgramVersion: 7.4.1  TimeStamp: 2025/06/19-13:14:35-GMT  BuildTime: Jun 13 2023 22:52:23  BuildStamp: freesurfer-linux-centos7_x86_64-7.4.1-20230613-7eb8460  User: foranw  Machine: rhea.wpic.upmc.edu  Platform: Linux  PlatformVersion: 6.1.0-22-amd64  CompilerName: GCC  CompilerVersion: 4.8.5
ProgramName: mri_binarize  ProgramArguments: mri_binarize -all-info  ProgramVersion: 7.4.1  TimeStamp: 2025/06/19-13:14:35-GMT  BuildTime: Jun 13 2023 22:52:23  BuildStamp: freesurfer-linux-centos7_x86_64-7.4.1-20230613-7eb8460  User: foranw  Machine: rhea.wpic.upmc.edu  Platform: Linux  PlatformVersion: 6.1.0-22-amd64  CompilerName: GCC  CompilerVersion: 4.8.5
ProgramName: mri_ca_label  ProgramArguments: mri_ca_label -all-info  ProgramVersion: 7.4.1  TimeStamp: 2025/06/19-13:14:35-GMT  BuildTime: Jun 13 2023 22:52:23  BuildStamp: freesurfer-linux-centos7_x86_64-7.4.1-20230613-7eb8460  User: foranw  Machine: rhea.wpic.upmc.edu  Platform: Linux  PlatformVersion: 6.1.0-22-amd64  CompilerName: GCC  CompilerVersion: 4.8.5
ProgramName: mri_ca_normalize  ProgramArguments: mri_ca_normalize -all-info  ProgramVersion: 7.4.1  TimeStamp: 2025/06/19-13:14:35-GMT  BuildTime: Jun 13 2023 22:52:23  BuildStamp: freesurfer-linux-centos7_x86_64-7.4.1-20230613-7eb8460  User: foranw  Machine: rhea.wpic.upmc.edu  Platform: Linux  PlatformVersion: 6.1.0-22-amd64  CompilerName: GCC  CompilerVersion: 4.8.5
ProgramName: mri_ca_register  ProgramArguments: mri_ca_register -all-info  ProgramVersion: 7.4.1  TimeStamp: 2025/06/19-13:14:36-GMT  BuildTime: Jun 13 2023 22:52:23  BuildStamp: freesurfer-linux-centos7_x86_64-7.4.1-20230613-7eb8460  User: foranw  Machine: rhea.wpic.upmc.edu  Platform: Linux  PlatformVersion: 6.1.0-22-amd64  CompilerName: GCC  CompilerVersion: 4.8.5
ProgramName: mri_cc  ProgramArguments: mri_cc -all-info  ProgramVersion: 7.4.1  TimeStamp: 2025/06/19-13:14:36-GMT  BuildTime: Jun 13 2023 22:52:23  BuildStamp: freesurfer-linux-centos7_x86_64-7.4.1-20230613-7eb8460  User: foranw  Machine: rhea.wpic.upmc.edu  Platform: Linux  PlatformVersion: 6.1.0-22-amd64  CompilerName: GCC  CompilerVersion: 4.8.5
ProgramName: mri_compute_overlap  ProgramArguments: mri_compute_overlap -all-info  ProgramVersion: 7.4.1  TimeStamp: 2025/06/19-13:14:36-GMT  BuildTime: Jun 13 2023 22:52:23  BuildStamp: freesurfer-linux-centos7_x86_64-7.4.1-20230613-7eb8460  User: foranw  Machine: rhea.wpic.upmc.edu  Platform: Linux  PlatformVersion: 6.1.0-22-amd64  CompilerName: GCC  CompilerVersion: 4.8.5
ProgramName: mri_compute_seg_overlap  ProgramArguments: mri_compute_seg_overlap -all-info  ProgramVersion: 7.4.1  TimeStamp: 2025/06/19-13:14:36-GMT  BuildTime: Jun 13 2023 22:52:23  BuildStamp: freesurfer-linux-centos7_x86_64-7.4.1-20230613-7eb8460  User: foranw  Machine: rhea.wpic.upmc.edu  Platform: Linux  PlatformVersion: 6.1.0-22-amd64  CompilerName: GCC  CompilerVersion: 4.8.5
ProgramName: mri_concat  ProgramArguments: mri_concat -all-info  ProgramVersion: 7.4.1  TimeStamp: 2025/06/19-13:14:36-GMT  BuildTime: Jun 13 2023 22:52:23  BuildStamp: freesurfer-linux-centos7_x86_64-7.4.1-20230613-7eb8460  User: foranw  Machine: rhea.wpic.upmc.edu  Platform: Linux  PlatformVersion: 6.1.0-22-amd64  CompilerName: GCC  CompilerVersion: 4.8.5
ProgramName: mri_concatenate_lta  ProgramArguments: mri_concatenate_lta -all-info  ProgramVersion: 7.4.1  TimeStamp: 2025/06/19-13:14:36-GMT  BuildTime: Jun 13 2023 22:52:23  BuildStamp: freesurfer-linux-centos7_x86_64-7.4.1-20230613-7eb8460  User: foranw  Machine: rhea.wpic.upmc.edu  Platform: Linux  PlatformVersion: 6.1.0-22-amd64  CompilerName: GCC  CompilerVersion: 4.8.5
mri_convert -all-info 
ProgramName: mri_convert  ProgramArguments: mri_convert -all-info  ProgramVersion: 7.4.1  TimeStamp: 2025/06/19-13:14:36-GMT  BuildTime: Jun 13 2023 22:52:23  BuildStamp: freesurfer-linux-centos7_x86_64-7.4.1-20230613-7eb8460  User: foranw  Machine: rhea.wpic.upmc.edu  Platform: Linux  PlatformVersion: 6.1.0-22-amd64  CompilerName: GCC  CompilerVersion: 4.8.5
ProgramName: mri_diff  ProgramArguments: mri_diff -all-info  ProgramVersion: 7.4.1  TimeStamp: 2025/06/19-13:14:36-GMT  BuildTime: Jun 13 2023 22:52:23  BuildStamp: freesurfer-linux-centos7_x86_64-7.4.1-20230613-7eb8460  User: foranw  Machine: rhea.wpic.upmc.edu  Platform: Linux  PlatformVersion: 6.1.0-22-amd64  CompilerName: GCC  CompilerVersion: 4.8.5
ProgramName: mri_edit_wm_with_aseg  ProgramArguments: mri_edit_wm_with_aseg -all-info  ProgramVersion: 7.4.1  TimeStamp: 2025/06/19-13:14:36-GMT  BuildTime: Jun 13 2023 22:52:23  BuildStamp: freesurfer-linux-centos7_x86_64-7.4.1-20230613-7eb8460  User: foranw  Machine: rhea.wpic.upmc.edu  Platform: Linux  PlatformVersion: 6.1.0-22-amd64  CompilerName: GCC  CompilerVersion: 4.8.5
ProgramName: mri_em_register  ProgramArguments: mri_em_register -all-info  ProgramVersion: 7.4.1  TimeStamp: 2025/06/19-13:14:36-GMT  BuildTime: Jun 13 2023 22:52:23  BuildStamp: freesurfer-linux-centos7_x86_64-7.4.1-20230613-7eb8460  User: foranw  Machine: rhea.wpic.upmc.edu  Platform: Linux  PlatformVersion: 6.1.0-22-amd64  CompilerName: GCC  CompilerVersion: 4.8.5
ProgramName: mri_fill  ProgramArguments: mri_fill -all-info  ProgramVersion: 7.4.1  TimeStamp: 2025/06/19-13:14:36-GMT  BuildTime: Jun 13 2023 22:52:23  BuildStamp: freesurfer-linux-centos7_x86_64-7.4.1-20230613-7eb8460  User: foranw  Machine: rhea.wpic.upmc.edu  Platform: Linux  PlatformVersion: 6.1.0-22-amd64  CompilerName: GCC  CompilerVersion: 4.8.5
ProgramName: mri_fuse_segmentations  ProgramArguments: mri_fuse_segmentations -all-info  ProgramVersion: 7.4.1  TimeStamp: 2025/06/19-13:14:36-GMT  BuildTime: Jun 13 2023 22:52:23  BuildStamp: freesurfer-linux-centos7_x86_64-7.4.1-20230613-7eb8460  User: foranw  Machine: rhea.wpic.upmc.edu  Platform: Linux  PlatformVersion: 6.1.0-22-amd64  CompilerName: GCC  CompilerVersion: 4.8.5
ProgramName: mri_fwhm  ProgramArguments: mri_fwhm -all-info  ProgramVersion: 7.4.1  TimeStamp: 2025/06/19-13:14:36-GMT  BuildTime: Jun 13 2023 22:52:23  BuildStamp: freesurfer-linux-centos7_x86_64-7.4.1-20230613-7eb8460  User: foranw  Machine: rhea.wpic.upmc.edu  Platform: Linux  PlatformVersion: 6.1.0-22-amd64  CompilerName: GCC  CompilerVersion: 4.8.5
ProgramName: mri_gcut  ProgramArguments: mri_gcut -all-info  ProgramVersion: 7.4.1  TimeStamp: 2025/06/19-13:14:36-GMT  BuildTime: Jun 13 2023 22:52:23  BuildStamp: freesurfer-linux-centos7_x86_64-7.4.1-20230613-7eb8460  User: foranw  Machine: rhea.wpic.upmc.edu  Platform: Linux  PlatformVersion: 6.1.0-22-amd64  CompilerName: GCC  CompilerVersion: 4.8.5
ProgramName: mri_info  ProgramArguments: mri_info -all-info  ProgramVersion: 7.4.1  TimeStamp: 2025/06/19-13:14:37-GMT  BuildTime: Jun 13 2023 22:52:23  BuildStamp: freesurfer-linux-centos7_x86_64-7.4.1-20230613-7eb8460  User: foranw  Machine: rhea.wpic.upmc.edu  Platform: Linux  PlatformVersion: 6.1.0-22-amd64  CompilerName: GCC  CompilerVersion: 4.8.5
ProgramName: mri_label2label  ProgramArguments: mri_label2label -all-info  ProgramVersion: 7.4.1  TimeStamp: 2025/06/19-13:14:37-GMT  BuildTime: Jun 13 2023 22:52:23  BuildStamp: freesurfer-linux-centos7_x86_64-7.4.1-20230613-7eb8460  User: foranw  Machine: rhea.wpic.upmc.edu  Platform: Linux  PlatformVersion: 6.1.0-22-amd64  CompilerName: GCC  CompilerVersion: 4.8.5
ProgramName: mri_label2vol  ProgramArguments: mri_label2vol -all-info  ProgramVersion: 7.4.1  TimeStamp: 2025/06/19-13:14:37-GMT  BuildTime: Jun 13 2023 22:52:23  BuildStamp: freesurfer-linux-centos7_x86_64-7.4.1-20230613-7eb8460  User: foranw  Machine: rhea.wpic.upmc.edu  Platform: Linux  PlatformVersion: 6.1.0-22-amd64  CompilerName: GCC  CompilerVersion: 4.8.5
ProgramName: mri_log_likelihood  ProgramArguments: mri_log_likelihood -all-info  ProgramVersion: 7.4.1  TimeStamp: 2025/06/19-13:14:37-GMT  BuildTime: Jun 13 2023 22:52:23  BuildStamp: freesurfer-linux-centos7_x86_64-7.4.1-20230613-7eb8460  User: foranw  Machine: rhea.wpic.upmc.edu  Platform: Linux  PlatformVersion: 6.1.0-22-amd64  CompilerName: GCC  CompilerVersion: 4.8.5
ProgramName: mri_mask  ProgramArguments: mri_mask -all-info  ProgramVersion: 7.4.1  TimeStamp: 2025/06/19-13:14:37-GMT  BuildTime: Jun 13 2023 22:52:23  BuildStamp: freesurfer-linux-centos7_x86_64-7.4.1-20230613-7eb8460  User: foranw  Machine: rhea.wpic.upmc.edu  Platform: Linux  PlatformVersion: 6.1.0-22-amd64  CompilerName: GCC  CompilerVersion: 4.8.5
ProgramName: mri_matrix_multiply  ProgramArguments: mri_matrix_multiply -all-info  ProgramVersion: 7.4.1  TimeStamp: 2025/06/19-13:14:37-GMT  BuildTime: Jun 13 2023 22:52:23  BuildStamp: freesurfer-linux-centos7_x86_64-7.4.1-20230613-7eb8460  User: foranw  Machine: rhea.wpic.upmc.edu  Platform: Linux  PlatformVersion: 6.1.0-22-amd64  CompilerName: GCC  CompilerVersion: 4.8.5
ProgramName: mri_normalize  ProgramArguments: mri_normalize -all-info  ProgramVersion: 7.4.1  TimeStamp: 2025/06/19-13:14:37-GMT  BuildTime: Jun 13 2023 22:52:23  BuildStamp: freesurfer-linux-centos7_x86_64-7.4.1-20230613-7eb8460  User: foranw  Machine: rhea.wpic.upmc.edu  Platform: Linux  PlatformVersion: 6.1.0-22-amd64  CompilerName: GCC  CompilerVersion: 4.8.5
ProgramName: mri_normalize_tp2  ProgramArguments: mri_normalize_tp2 -all-info  ProgramVersion: 7.4.1  TimeStamp: 2025/06/19-13:14:37-GMT  BuildTime: Jun 13 2023 22:52:23  BuildStamp: freesurfer-linux-centos7_x86_64-7.4.1-20230613-7eb8460  User: foranw  Machine: rhea.wpic.upmc.edu  Platform: Linux  PlatformVersion: 6.1.0-22-amd64  CompilerName: GCC  CompilerVersion: 4.8.5
ProgramName: mri_or  ProgramArguments: mri_or -all-info  ProgramVersion: 7.4.1  TimeStamp: 2025/06/19-13:14:37-GMT  BuildTime: Jun 13 2023 22:52:23  BuildStamp: freesurfer-linux-centos7_x86_64-7.4.1-20230613-7eb8460  User: foranw  Machine: rhea.wpic.upmc.edu  Platform: Linux  PlatformVersion: 6.1.0-22-amd64  CompilerName: GCC  CompilerVersion: 4.8.5
ProgramName: mri_relabel_hypointensities  ProgramArguments: mri_relabel_hypointensities -all-info  ProgramVersion: 7.4.1  TimeStamp: 2025/06/19-13:14:37-GMT  BuildTime: Jun 13 2023 22:52:23  BuildStamp: freesurfer-linux-centos7_x86_64-7.4.1-20230613-7eb8460  User: foranw  Machine: rhea.wpic.upmc.edu  Platform: Linux  PlatformVersion: 6.1.0-22-amd64  CompilerName: GCC  CompilerVersion: 4.8.5
ProgramName: mri_relabel_nonwm_hypos  ProgramArguments: mri_relabel_nonwm_hypos -all-info  ProgramVersion: 7.4.1  TimeStamp: 2025/06/19-13:14:37-GMT  BuildTime: Jun 13 2023 22:52:23  BuildStamp: freesurfer-linux-centos7_x86_64-7.4.1-20230613-7eb8460  User: foranw  Machine: rhea.wpic.upmc.edu  Platform: Linux  PlatformVersion: 6.1.0-22-amd64  CompilerName: GCC  CompilerVersion: 4.8.5
ProgramName: mri_remove_neck  ProgramArguments: mri_remove_neck -all-info  ProgramVersion: 7.4.1  TimeStamp: 2025/06/19-13:14:37-GMT  BuildTime: Jun 13 2023 22:52:23  BuildStamp: freesurfer-linux-centos7_x86_64-7.4.1-20230613-7eb8460  User: foranw  Machine: rhea.wpic.upmc.edu  Platform: Linux  PlatformVersion: 6.1.0-22-amd64  CompilerName: GCC  CompilerVersion: 4.8.5
7.4.1

ProgramName: mri_robust_register  ProgramArguments: mri_robust_register -all-info  ProgramVersion: 7.4.1  TimeStamp: 2025/06/19-13:14:37-GMT  BuildTime: Jun 13 2023 22:52:23  BuildStamp: freesurfer-linux-centos7_x86_64-7.4.1-20230613-7eb8460  User: foranw  Machine: rhea.wpic.upmc.edu  Platform: Linux  PlatformVersion: 6.1.0-22-amd64  CompilerName: GCC  CompilerVersion: 4.8.5
7.4.1

ProgramName: mri_robust_template  ProgramArguments: mri_robust_template -all-info  ProgramVersion: 7.4.1  TimeStamp: 2025/06/19-13:14:38-GMT  BuildTime: Jun 13 2023 22:52:23  BuildStamp: freesurfer-linux-centos7_x86_64-7.4.1-20230613-7eb8460  User: foranw  Machine: rhea.wpic.upmc.edu  Platform: Linux  PlatformVersion: 6.1.0-22-amd64  CompilerName: GCC  CompilerVersion: 4.8.5
ProgramName: mris_anatomical_stats  ProgramArguments: mris_anatomical_stats -all-info  ProgramVersion: 7.4.1  TimeStamp: 2025/06/19-13:14:38-GMT  BuildTime: Jun 13 2023 22:52:23  BuildStamp: freesurfer-linux-centos7_x86_64-7.4.1-20230613-7eb8460  User: foranw  Machine: rhea.wpic.upmc.edu  Platform: Linux  PlatformVersion: 6.1.0-22-amd64  CompilerName: GCC  CompilerVersion: 4.8.5
ProgramName: mris_ca_label  ProgramArguments: mris_ca_label -all-info  ProgramVersion: 7.4.1  TimeStamp: 2025/06/19-13:14:38-GMT  BuildTime: Jun 13 2023 22:52:23  BuildStamp: freesurfer-linux-centos7_x86_64-7.4.1-20230613-7eb8460  User: foranw  Machine: rhea.wpic.upmc.edu  Platform: Linux  PlatformVersion: 6.1.0-22-amd64  CompilerName: GCC  CompilerVersion: 4.8.5
ProgramName: mris_calc  ProgramArguments: mris_calc -all-info  ProgramVersion: 7.4.1  TimeStamp: 2025/06/19-13:14:38-GMT  BuildTime: Jun 13 2023 22:52:23  BuildStamp: freesurfer-linux-centos7_x86_64-7.4.1-20230613-7eb8460  User: foranw  Machine: rhea.wpic.upmc.edu  Platform: Linux  PlatformVersion: 6.1.0-22-amd64  CompilerName: GCC  CompilerVersion: 4.8.5
ProgramName: mris_convert  ProgramArguments: mris_convert -all-info  ProgramVersion: 7.4.1  TimeStamp: 2025/06/19-13:14:38-GMT  BuildTime: Jun 13 2023 22:52:23  BuildStamp: freesurfer-linux-centos7_x86_64-7.4.1-20230613-7eb8460  User: foranw  Machine: rhea.wpic.upmc.edu  Platform: Linux  PlatformVersion: 6.1.0-22-amd64  CompilerName: GCC  CompilerVersion: 4.8.5
ProgramName: mris_curvature  ProgramArguments: mris_curvature -all-info  ProgramVersion: 7.4.1  TimeStamp: 2025/06/19-13:14:38-GMT  BuildTime: Jun 13 2023 22:52:23  BuildStamp: freesurfer-linux-centos7_x86_64-7.4.1-20230613-7eb8460  User: foranw  Machine: rhea.wpic.upmc.edu  Platform: Linux  PlatformVersion: 6.1.0-22-amd64  CompilerName: GCC  CompilerVersion: 4.8.5
ProgramName: mris_curvature_stats  ProgramArguments: mris_curvature_stats -all-info  ProgramVersion: 7.4.1  TimeStamp: 2025/06/19-13:14:38-GMT  BuildTime: Jun 13 2023 22:52:23  BuildStamp: freesurfer-linux-centos7_x86_64-7.4.1-20230613-7eb8460  User: foranw  Machine: rhea.wpic.upmc.edu  Platform: Linux  PlatformVersion: 6.1.0-22-amd64  CompilerName: GCC  CompilerVersion: 4.8.5
ProgramName: mris_diff  ProgramArguments: mris_diff -all-info  ProgramVersion: 7.4.1  TimeStamp: 2025/06/19-13:14:38-GMT  BuildTime: Jun 13 2023 22:52:23  BuildStamp: freesurfer-linux-centos7_x86_64-7.4.1-20230613-7eb8460  User: foranw  Machine: rhea.wpic.upmc.edu  Platform: Linux  PlatformVersion: 6.1.0-22-amd64  CompilerName: GCC  CompilerVersion: 4.8.5
ProgramName: mris_divide_parcellation  ProgramArguments: mris_divide_parcellation -all-info  ProgramVersion: 7.4.1  TimeStamp: 2025/06/19-13:14:38-GMT  BuildTime: Jun 13 2023 22:52:23  BuildStamp: freesurfer-linux-centos7_x86_64-7.4.1-20230613-7eb8460  User: foranw  Machine: rhea.wpic.upmc.edu  Platform: Linux  PlatformVersion: 6.1.0-22-amd64  CompilerName: GCC  CompilerVersion: 4.8.5
ProgramName: mri_segment  ProgramArguments: mri_segment -all-info  ProgramVersion: 7.4.1  TimeStamp: 2025/06/19-13:14:38-GMT  BuildTime: Jun 13 2023 22:52:23  BuildStamp: freesurfer-linux-centos7_x86_64-7.4.1-20230613-7eb8460  User: foranw  Machine: rhea.wpic.upmc.edu  Platform: Linux  PlatformVersion: 6.1.0-22-amd64  CompilerName: GCC  CompilerVersion: 4.8.5
ProgramName: mri_segstats  ProgramArguments: mri_segstats -all-info  ProgramVersion: 7.4.1  TimeStamp: 2025/06/19-13:14:38-GMT  BuildTime: Jun 13 2023 22:52:23  BuildStamp: freesurfer-linux-centos7_x86_64-7.4.1-20230613-7eb8460  User: foranw  Machine: rhea.wpic.upmc.edu  Platform: Linux  PlatformVersion: 6.1.0-22-amd64  CompilerName: GCC  CompilerVersion: 4.8.5
ProgramName: mris_euler_number  ProgramArguments: mris_euler_number -all-info  ProgramVersion: 7.4.1  TimeStamp: 2025/06/19-13:14:38-GMT  BuildTime: Jun 13 2023 22:52:23  BuildStamp: freesurfer-linux-centos7_x86_64-7.4.1-20230613-7eb8460  User: foranw  Machine: rhea.wpic.upmc.edu  Platform: Linux  PlatformVersion: 6.1.0-22-amd64  CompilerName: GCC  CompilerVersion: 4.8.5
ProgramName: mris_fix_topology  ProgramArguments: mris_fix_topology -all-info  ProgramVersion: 7.4.1  TimeStamp: 2025/06/19-13:14:38-GMT  BuildTime: Jun 13 2023 22:52:23  BuildStamp: freesurfer-linux-centos7_x86_64-7.4.1-20230613-7eb8460  User: foranw  Machine: rhea.wpic.upmc.edu  Platform: Linux  PlatformVersion: 6.1.0-22-amd64  CompilerName: GCC  CompilerVersion: 4.8.5
ProgramName: mris_topo_fixer  ProgramArguments: mris_topo_fixer -all-info  ProgramVersion: 7.4.1  TimeStamp: 2025/06/19-13:14:39-GMT  BuildTime: Jun 13 2023 22:52:23  BuildStamp: freesurfer-linux-centos7_x86_64-7.4.1-20230613-7eb8460  User: foranw  Machine: rhea.wpic.upmc.edu  Platform: Linux  PlatformVersion: 6.1.0-22-amd64  CompilerName: GCC  CompilerVersion: 4.8.5
ProgramName: mris_jacobian  ProgramArguments: mris_jacobian -all-info  ProgramVersion: 7.4.1  TimeStamp: 2025/06/19-13:14:39-GMT  BuildTime: Jun 13 2023 22:52:23  BuildStamp: freesurfer-linux-centos7_x86_64-7.4.1-20230613-7eb8460  User: foranw  Machine: rhea.wpic.upmc.edu  Platform: Linux  PlatformVersion: 6.1.0-22-amd64  CompilerName: GCC  CompilerVersion: 4.8.5
ProgramName: mris_label2annot  ProgramArguments: mris_label2annot -all-info  ProgramVersion: 7.4.1  TimeStamp: 2025/06/19-13:14:39-GMT  BuildTime: Jun 13 2023 22:52:23  BuildStamp: freesurfer-linux-centos7_x86_64-7.4.1-20230613-7eb8460  User: foranw  Machine: rhea.wpic.upmc.edu  Platform: Linux  PlatformVersion: 6.1.0-22-amd64  CompilerName: GCC  CompilerVersion: 4.8.5
ProgramName: mris_left_right_register  ProgramArguments: mris_left_right_register -all-info  ProgramVersion: 7.4.1  TimeStamp: 2025/06/19-13:14:39-GMT  BuildTime: Jun 13 2023 22:52:23  BuildStamp: freesurfer-linux-centos7_x86_64-7.4.1-20230613-7eb8460  User: foranw  Machine: rhea.wpic.upmc.edu  Platform: Linux  PlatformVersion: 6.1.0-22-amd64  CompilerName: GCC  CompilerVersion: 4.8.5
ProgramName: mris_place_surface  ProgramArguments: mris_place_surface -all-info  ProgramVersion: 7.4.1  TimeStamp: 2025/06/19-13:14:39-GMT  BuildTime: Jun 13 2023 22:52:23  BuildStamp: freesurfer-linux-centos7_x86_64-7.4.1-20230613-7eb8460  User: foranw  Machine: rhea.wpic.upmc.edu  Platform: Linux  PlatformVersion: 6.1.0-22-amd64  CompilerName: GCC  CompilerVersion: 4.8.5
ProgramName: mrisp_paint  ProgramArguments: mrisp_paint -all-info  ProgramVersion: 7.4.1  TimeStamp: 2025/06/19-13:14:39-GMT  BuildTime: Jun 13 2023 22:52:23  BuildStamp: freesurfer-linux-centos7_x86_64-7.4.1-20230613-7eb8460  User: foranw  Machine: rhea.wpic.upmc.edu  Platform: Linux  PlatformVersion: 6.1.0-22-amd64  CompilerName: GCC  CompilerVersion: 4.8.5
ProgramName: mris_register  ProgramArguments: mris_register -all-info  ProgramVersion: 7.4.1  TimeStamp: 2025/06/19-13:14:39-GMT  BuildTime: Jun 13 2023 22:52:23  BuildStamp: freesurfer-linux-centos7_x86_64-7.4.1-20230613-7eb8460  User: foranw  Machine: rhea.wpic.upmc.edu  Platform: Linux  PlatformVersion: 6.1.0-22-amd64  CompilerName: GCC  CompilerVersion: 4.8.5
ProgramName: mris_smooth  ProgramArguments: mris_smooth -all-info  ProgramVersion: 7.4.1  TimeStamp: 2025/06/19-13:14:39-GMT  BuildTime: Jun 13 2023 22:52:23  BuildStamp: freesurfer-linux-centos7_x86_64-7.4.1-20230613-7eb8460  User: foranw  Machine: rhea.wpic.upmc.edu  Platform: Linux  PlatformVersion: 6.1.0-22-amd64  CompilerName: GCC  CompilerVersion: 4.8.5
ProgramName: mris_sphere  ProgramArguments: mris_sphere -all-info  ProgramVersion: 7.4.1  TimeStamp: 2025/06/19-13:14:39-GMT  BuildTime: Jun 13 2023 22:52:23  BuildStamp: freesurfer-linux-centos7_x86_64-7.4.1-20230613-7eb8460  User: foranw  Machine: rhea.wpic.upmc.edu  Platform: Linux  PlatformVersion: 6.1.0-22-amd64  CompilerName: GCC  CompilerVersion: 4.8.5
ProgramName: mris_surface_stats  ProgramArguments: mris_surface_stats -all-info  ProgramVersion: 7.4.1  TimeStamp: 2025/06/19-13:14:39-GMT  BuildTime: Jun 13 2023 22:52:23  BuildStamp: freesurfer-linux-centos7_x86_64-7.4.1-20230613-7eb8460  User: foranw  Machine: rhea.wpic.upmc.edu  Platform: Linux  PlatformVersion: 6.1.0-22-amd64  CompilerName: GCC  CompilerVersion: 4.8.5
ProgramName: mri_stats2seg  ProgramArguments: mri_stats2seg -all-info  ProgramVersion: 7.4.1  TimeStamp: 2025/06/19-13:14:39-GMT  BuildTime: Jun 13 2023 22:52:23  BuildStamp: freesurfer-linux-centos7_x86_64-7.4.1-20230613-7eb8460  User: foranw  Machine: rhea.wpic.upmc.edu  Platform: Linux  PlatformVersion: 6.1.0-22-amd64  CompilerName: GCC  CompilerVersion: 4.8.5
ProgramName: mris_thickness  ProgramArguments: mris_thickness -all-info  ProgramVersion: 7.4.1  TimeStamp: 2025/06/19-13:14:39-GMT  BuildTime: Jun 13 2023 22:52:23  BuildStamp: freesurfer-linux-centos7_x86_64-7.4.1-20230613-7eb8460  User: foranw  Machine: rhea.wpic.upmc.edu  Platform: Linux  PlatformVersion: 6.1.0-22-amd64  CompilerName: GCC  CompilerVersion: 4.8.5
ProgramName: mris_thickness_diff  ProgramArguments: mris_thickness_diff -all-info  ProgramVersion: 7.4.1  TimeStamp: 2025/06/19-13:14:39-GMT  BuildTime: Jun 13 2023 22:52:23  BuildStamp: freesurfer-linux-centos7_x86_64-7.4.1-20230613-7eb8460  User: foranw  Machine: rhea.wpic.upmc.edu  Platform: Linux  PlatformVersion: 6.1.0-22-amd64  CompilerName: GCC  CompilerVersion: 4.8.5
ProgramName: mris_topo_fixer  ProgramArguments: mris_topo_fixer -all-info  ProgramVersion: 7.4.1  TimeStamp: 2025/06/19-13:14:40-GMT  BuildTime: Jun 13 2023 22:52:23  BuildStamp: freesurfer-linux-centos7_x86_64-7.4.1-20230613-7eb8460  User: foranw  Machine: rhea.wpic.upmc.edu  Platform: Linux  PlatformVersion: 6.1.0-22-amd64  CompilerName: GCC  CompilerVersion: 4.8.5
ProgramName: mri_surf2surf  ProgramArguments: mri_surf2surf -all-info  ProgramVersion: 7.4.1  TimeStamp: 2025/06/19-13:14:40-GMT  BuildTime: Jun 13 2023 22:52:23  BuildStamp: freesurfer-linux-centos7_x86_64-7.4.1-20230613-7eb8460  User: foranw  Machine: rhea.wpic.upmc.edu  Platform: Linux  PlatformVersion: 6.1.0-22-amd64  CompilerName: GCC  CompilerVersion: 4.8.5
ProgramName: mri_surf2vol  ProgramArguments: mri_surf2vol -all-info  ProgramVersion: 7.4.1  TimeStamp: 2025/06/19-13:14:40-GMT  BuildTime: Jun 13 2023 22:52:23  BuildStamp: freesurfer-linux-centos7_x86_64-7.4.1-20230613-7eb8460  User: foranw  Machine: rhea.wpic.upmc.edu  Platform: Linux  PlatformVersion: 6.1.0-22-amd64  CompilerName: GCC  CompilerVersion: 4.8.5
ProgramName: mri_surfcluster  ProgramArguments: mri_surfcluster -all-info  ProgramVersion: 7.4.1  TimeStamp: 2025/06/19-13:14:40-GMT  BuildTime: Jun 13 2023 22:52:23  BuildStamp: freesurfer-linux-centos7_x86_64-7.4.1-20230613-7eb8460  User: foranw  Machine: rhea.wpic.upmc.edu  Platform: Linux  PlatformVersion: 6.1.0-22-amd64  CompilerName: GCC  CompilerVersion: 4.8.5
ProgramName: mris_volmask  ProgramArguments: mris_volmask -all-info  ProgramVersion: 7.4.1  TimeStamp: 2025/06/19-13:14:40-GMT  BuildTime: Jun 13 2023 22:52:23  BuildStamp: freesurfer-linux-centos7_x86_64-7.4.1-20230613-7eb8460  User: foranw  Machine: rhea.wpic.upmc.edu  Platform: Linux  PlatformVersion: 6.1.0-22-amd64  CompilerName: GCC  CompilerVersion: 4.8.5
ProgramName: mri_tessellate  ProgramArguments: mri_tessellate -all-info  ProgramVersion: 7.4.1  TimeStamp: 2025/06/19-13:14:40-GMT  BuildTime: Jun 13 2023 22:52:23  BuildStamp: freesurfer-linux-centos7_x86_64-7.4.1-20230613-7eb8460  User: foranw  Machine: rhea.wpic.upmc.edu  Platform: Linux  PlatformVersion: 6.1.0-22-amd64  CompilerName: GCC  CompilerVersion: 4.8.5
ProgramName: mri_vol2surf  ProgramArguments: mri_vol2surf -all-info  ProgramVersion: 7.4.1  TimeStamp: 2025/06/19-13:14:40-GMT  BuildTime: Jun 13 2023 22:52:23  BuildStamp: freesurfer-linux-centos7_x86_64-7.4.1-20230613-7eb8460  User: foranw  Machine: rhea.wpic.upmc.edu  Platform: Linux  PlatformVersion: 6.1.0-22-amd64  CompilerName: GCC  CompilerVersion: 4.8.5
ProgramName: mri_vol2vol  ProgramArguments: mri_vol2vol -all-info  ProgramVersion: 7.4.1  TimeStamp: 2025/06/19-13:14:40-GMT  BuildTime: Jun 13 2023 22:52:23  BuildStamp: freesurfer-linux-centos7_x86_64-7.4.1-20230613-7eb8460  User: foranw  Machine: rhea.wpic.upmc.edu  Platform: Linux  PlatformVersion: 6.1.0-22-amd64  CompilerName: GCC  CompilerVersion: 4.8.5
ProgramName: mri_voldiff  ProgramArguments: mri_voldiff -all-info  ProgramVersion: 7.4.1  TimeStamp: 2025/06/19-13:14:40-GMT  BuildTime: Jun 13 2023 22:52:23  BuildStamp: freesurfer-linux-centos7_x86_64-7.4.1-20230613-7eb8460  User: foranw  Machine: rhea.wpic.upmc.edu  Platform: Linux  PlatformVersion: 6.1.0-22-amd64  CompilerName: GCC  CompilerVersion: 4.8.5
ProgramName: mri_watershed  ProgramArguments: mri_watershed -all-info  ProgramVersion: 7.4.1  TimeStamp: 2025/06/19-13:14:40-GMT  BuildTime: Jun 13 2023 22:52:23  BuildStamp: freesurfer-linux-centos7_x86_64-7.4.1-20230613-7eb8460  User: foranw  Machine: rhea.wpic.upmc.edu  Platform: Linux  PlatformVersion: 6.1.0-22-amd64  CompilerName: GCC  CompilerVersion: 4.8.5
ProgramName: tkregister2  ProgramArguments: tkregister2_cmdl -all-info  ProgramVersion: 7.4.1  TimeStamp: 2025/06/19-13:14:40-GMT  BuildTime: Jun 13 2023 22:52:23  BuildStamp: freesurfer-linux-centos7_x86_64-7.4.1-20230613-7eb8460  User: foranw  Machine: rhea.wpic.upmc.edu  Platform: Linux  PlatformVersion: 6.1.0-22-amd64  CompilerName: GCC  CompilerVersion: 4.8.5
mri_motion_correct.fsl 7.4.1
mri_convert -all-info 
ProgramName: mri_convert  ProgramArguments: mri_convert -all-info  ProgramVersion: 7.4.1  TimeStamp: 2025/06/19-13:14:40-GMT  BuildTime: Jun 13 2023 22:52:23  BuildStamp: freesurfer-linux-centos7_x86_64-7.4.1-20230613-7eb8460  User: foranw  Machine: rhea.wpic.upmc.edu  Platform: Linux  PlatformVersion: 6.1.0-22-amd64  CompilerName: GCC  CompilerVersion: 4.8.5
Program nu_correct, built from:
Package MNI N3, version 1.12.0, compiled by nicks@terrier (x86_64-unknown-linux-gnu) on 2015-06-19 at 01:25:34
#######################################
GCADIR /opt/freesurfer/average
GCA RB_all_2020-01-02.gca
GCASkull RB_all_withskull_2020_01_02.gca
AvgCurvTif folding.atlas.acfb40.noaparc.i12.2016-08-02.tif
GCSDIR /opt/freesurfer/average
GCS DKaparc.atlas.acfb40.noaparc.i12.2016-08-02.gcs
#######################################
/Freesurfer_output/sub-11968_ses-1

 mri_convert /BIDS/sub-11968/ses-1/anat/sub-11968_ses-1_T1w.nii.gz /Freesurfer_output/sub-11968_ses-1/mri/orig/001.mgz 

mri_convert /BIDS/sub-11968/ses-1/anat/sub-11968_ses-1_T1w.nii.gz /Freesurfer_output/sub-11968_ses-1/mri/orig/001.mgz 
reading from /BIDS/sub-11968/ses-1/anat/sub-11968_ses-1_T1w.nii.gz...
TR=0.00, TE=0.00, TI=0.00, flip angle=0.00
i_ras = (1, -0, 0)
j_ras = (-0, 1, 0)
k_ras = (-0, -0, 1)
writing to /Freesurfer_output/sub-11968_ses-1/mri/orig/001.mgz...
#--------------------------------------------
#@# T2/FLAIR Input Thu Jun 19 09:14:48 EDT 2025
/Freesurfer_output/sub-11968_ses-1

 mri_convert --no_scale 1 /BIDS/sub-11968/ses-1/anat/sub-11968_ses-1_T2w.nii.gz /Freesurfer_output/sub-11968_ses-1/mri/orig/T2raw.mgz 

mri_convert --no_scale 1 /BIDS/sub-11968/ses-1/anat/sub-11968_ses-1_T2w.nii.gz /Freesurfer_output/sub-11968_ses-1/mri/orig/T2raw.mgz 
reading from /BIDS/sub-11968/ses-1/anat/sub-11968_ses-1_T2w.nii.gz...
TR=0.00, TE=0.00, TI=0.00, flip angle=0.00
i_ras = (1, -0, 0)
j_ras = (-0, 1, 0)
k_ras = (-0, -0, 1)
writing to /Freesurfer_output/sub-11968_ses-1/mri/orig/T2raw.mgz...
#--------------------------------------------
#@# MotionCor Thu Jun 19 09:14:54 EDT 2025
Found 1 runs
/Freesurfer_output/sub-11968_ses-1/mri/orig/001.mgz
Checking for (invalid) multi-frame inputs...
Only one run found so motion
correction will not be performed. I'll
copy the run to rawavg and continue.

 cp /Freesurfer_output/sub-11968_ses-1/mri/orig/001.mgz /Freesurfer_output/sub-11968_ses-1/mri/rawavg.mgz 


 mri_info /Freesurfer_output/sub-11968_ses-1/mri/rawavg.mgz 

rawavg.mgz ========================================
Volume information for /Freesurfer_output/sub-11968_ses-1/mri/rawavg.mgz
          type: MGH
    dimensions: 176 x 256 x 256
   voxel sizes: 1.000000, 1.000000, 1.000000
          type: SHORT (4)
           fov: 256.000
           dof: 1
        xstart: -88.0, xend: 88.0
        ystart: -128.0, yend: 128.0
        zstart: -128.0, zend: 128.0
            TR: 0.00 msec, TE: 0.00 msec, TI: 0.00 msec, flip angle: 0.00 degrees
       nframes: 1
       PhEncDir: UNKNOWN
       FieldStrength: 0.000000
ras xform present
    xform info: x_r =   1.0000, y_r =  -0.0000, z_r =  -0.0000, c_r =    -4.9479
              : x_a =  -0.0000, y_a =   1.0000, z_a =  -0.0000, c_a =    22.5463
              : x_s =   0.0000, y_s =   0.0000, z_s =   1.0000, c_s =    19.6449

talairach xfm : 
Orientation   : RAS
Primary Slice Direction: axial

voxel to ras transform:
                1.0000  -0.0000  -0.0000   -92.9479
               -0.0000   1.0000  -0.0000  -105.4537
                0.0000   0.0000   1.0000  -108.3551
                0.0000   0.0000   0.0000     1.0000

voxel-to-ras determinant 1

ras to voxel transform:
                1.0000   0.0000   0.0000    92.9479
                0.0000   1.0000   0.0000   105.4537
                0.0000   0.0000   1.0000   108.3551
                0.0000   0.0000   0.0000     1.0000
/Freesurfer_output/sub-11968_ses-1

 mri_convert /Freesurfer_output/sub-11968_ses-1/mri/rawavg.mgz /Freesurfer_output/sub-11968_ses-1/mri/orig.mgz --conform 

mri_convert /Freesurfer_output/sub-11968_ses-1/mri/rawavg.mgz /Freesurfer_output/sub-11968_ses-1/mri/orig.mgz --conform 
reading from /Freesurfer_output/sub-11968_ses-1/mri/rawavg.mgz...
TR=0.00, TE=0.00, TI=0.00, flip angle=0.00
i_ras = (1, -0, 0)
j_ras = (-0, 1, 0)
k_ras = (-0, -0, 1)
changing data type from short to uchar (noscale = 0)...
MRIchangeType: Building histogram 0 1614 1000, flo=0, fhi=0.999, dest_type=0
Reslicing using trilinear interpolation 
writing to /Freesurfer_output/sub-11968_ses-1/mri/orig.mgz...

 mri_add_xform_to_header -c /Freesurfer_output/sub-11968_ses-1/mri/transforms/talairach.xfm /Freesurfer_output/sub-11968_ses-1/mri/orig.mgz /Freesurfer_output/sub-11968_ses-1/mri/orig.mgz 

INFO: extension is mgz

 mri_info /Freesurfer_output/sub-11968_ses-1/mri/orig.mgz 

orig.mgz ========================================
Volume information for /Freesurfer_output/sub-11968_ses-1/mri/orig.mgz
          type: MGH
    dimensions: 256 x 256 x 256
   voxel sizes: 1.000000, 1.000000, 1.000000
          type: UCHAR (0)
           fov: 256.000
           dof: 1
        xstart: -128.0, xend: 128.0
        ystart: -128.0, yend: 128.0
        zstart: -128.0, zend: 128.0
            TR: 0.00 msec, TE: 0.00 msec, TI: 0.00 msec, flip angle: 0.00 degrees
       nframes: 1
       PhEncDir: UNKNOWN
       FieldStrength: 0.000000
ras xform present
    xform info: x_r =  -1.0000, y_r =   0.0000, z_r =   0.0000, c_r =    -4.9479
              : x_a =   0.0000, y_a =   0.0000, z_a =   1.0000, c_a =    22.5463
              : x_s =   0.0000, y_s =  -1.0000, z_s =   0.0000, c_s =    19.6449

talairach xfm : /Freesurfer_output/sub-11968_ses-1/mri/transforms/talairach.xfm
Orientation   : LIA
Primary Slice Direction: coronal

voxel to ras transform:
               -1.0000   0.0000   0.0000   123.0521
                0.0000   0.0000   1.0000  -105.4537
                0.0000  -1.0000   0.0000   147.6449
                0.0000   0.0000   0.0000     1.0000

voxel-to-ras determinant -1

ras to voxel transform:
               -1.0000  -0.0000  -0.0000   123.0521
               -0.0000  -0.0000  -1.0000   147.6449
               -0.0000   1.0000  -0.0000   105.4537
               -0.0000  -0.0000  -0.0000     1.0000
#--------------------------------------------
#@# Talairach Thu Jun 19 09:15:24 EDT 2025
/Freesurfer_output/sub-11968_ses-1/mri

 mri_nu_correct.mni --no-rescale --i orig.mgz --o orig_nu.mgz --ants-n4 --n 1 --proto-iters 1000 --distance 50 

/usr/bin/bc
/Freesurfer_output/sub-11968_ses-1/mri
/opt/freesurfer/bin/mri_nu_correct.mni
--no-rescale --i orig.mgz --o orig_nu.mgz --ants-n4 --n 1 --proto-iters 1000 --distance 50
nIters 1
mri_nu_correct.mni 7.4.1
Linux rhea.wpic.upmc.edu 6.1.0-22-amd64 #1 SMP PREEMPT_DYNAMIC Debian 6.1.94-1 (2024-06-21) x86_64 x86_64 x86_64 GNU/Linux
Thu Jun 19 09:15:25 EDT 2025
tmpdir is ./tmp.mri_nu_correct.mni.988858
cd /Freesurfer_output/sub-11968_ses-1/mri
AntsN4BiasFieldCorrectionFs -i orig.mgz -o ./tmp.mri_nu_correct.mni.988858/nu0.mgz --dtype uchar
AntsN4BiasFieldCorrectionFs done
mri_convert ./tmp.mri_nu_correct.mni.988858/nu0.mgz orig_nu.mgz --like orig.mgz --conform
mri_convert ./tmp.mri_nu_correct.mni.988858/nu0.mgz orig_nu.mgz --like orig.mgz --conform 
reading from ./tmp.mri_nu_correct.mni.988858/nu0.mgz...
TR=0.00, TE=0.00, TI=0.00, flip angle=0.00
i_ras = (-1, 0, 0)
j_ras = (0, 0, -1)
k_ras = (0, 1, 0)
INFO: transform src into the like-volume: orig.mgz
writing to orig_nu.mgz...
 
 
Thu Jun 19 09:20:59 EDT 2025
mri_nu_correct.mni done

 talairach_avi --i orig_nu.mgz --xfm transforms/talairach.auto.xfm --atlas 3T18yoSchwartzReactN32_as_orig 

talairach_avi log file is transforms/talairach_avi.log...
mv -f /Freesurfer_output/sub-11968_ses-1/mri/talsrcimg_to_3T18yoSchwartzReactN32_as_orig_t4_vox2vox.txt /Freesurfer_output/sub-11968_ses-1/mri/transforms/talsrcimg_to_3T18yoSchwartzReactN32_as_orig_t4_vox2vox.txt
Started at Thu Jun 19 09:20:59 EDT 2025
Ended   at Thu Jun 19 09:22:37 EDT 2025
talairach_avi done

 cp transforms/talairach.auto.xfm transforms/talairach.xfm 

lta_convert --src orig.mgz --trg /opt/freesurfer/average/mni305.cor.mgz --inxfm transforms/talairach.xfm --outlta transforms/talairach.xfm.lta --subject fsaverage --ltavox2vox
7.4.1

--src: orig.mgz src image (geometry).
--trg: /opt/freesurfer/average/mni305.cor.mgz trg image (geometry).
--inmni: transforms/talairach.xfm input MNI/XFM transform.
--outlta: transforms/talairach.xfm.lta output LTA.
--s: fsaverage subject name
--ltavox2vox: output LTA as VOX_TO_VOX transform.
 LTA read, type : 1
 1.02684  -0.05147   0.01716   7.78422;
 0.09149   0.98544   0.16800  -32.98425;
 0.00823  -0.16268   1.11596  -43.68405;
 0.00000   0.00000   0.00000   1.00000;
setting subject to fsaverage
Writing  LTA to file transforms/talairach.xfm.lta...
lta_convert successful.
#--------------------------------------------
#@# Talairach Failure Detection Thu Jun 19 09:22:40 EDT 2025
/Freesurfer_output/sub-11968_ses-1/mri

 talairach_afd -T 0.005 -xfm transforms/talairach.xfm 

talairach_afd: Talairach Transform: transforms/talairach.xfm OK (p=0.7418, pval=0.6675 >= threshold=0.0050)

 awk -f /opt/freesurfer/bin/extract_talairach_avi_QA.awk /Freesurfer_output/sub-11968_ses-1/mri/transforms/talairach_avi.log 


 tal_QC_AZS /Freesurfer_output/sub-11968_ses-1/mri/transforms/talairach_avi.log 

TalAviQA: 0.97528
z-score: 0
#--------------------------------------------
#@# Nu Intensity Correction Thu Jun 19 09:22:41 EDT 2025

 mri_nu_correct.mni --i orig.mgz --o nu.mgz --uchar transforms/talairach.xfm --proto-iters 1000 --distance 50 --n 1 --ants-n4 

/usr/bin/bc
/Freesurfer_output/sub-11968_ses-1/mri
/opt/freesurfer/bin/mri_nu_correct.mni
--i orig.mgz --o nu.mgz --uchar transforms/talairach.xfm --proto-iters 1000 --distance 50 --n 1 --ants-n4
nIters 1
mri_nu_correct.mni 7.4.1
Linux rhea.wpic.upmc.edu 6.1.0-22-amd64 #1 SMP PREEMPT_DYNAMIC Debian 6.1.94-1 (2024-06-21) x86_64 x86_64 x86_64 GNU/Linux
Thu Jun 19 09:22:41 EDT 2025
tmpdir is ./tmp.mri_nu_correct.mni.990104
cd /Freesurfer_output/sub-11968_ses-1/mri
AntsN4BiasFieldCorrectionFs -i orig.mgz -o ./tmp.mri_nu_correct.mni.990104/nu0.mgz --dtype uchar
AntsN4BiasFieldCorrectionFs done
mri_binarize --i ./tmp.mri_nu_correct.mni.990104/nu0.mgz --min -1 --o ./tmp.mri_nu_correct.mni.990104/ones.mgz

7.4.1
cwd /Freesurfer_output/sub-11968_ses-1/mri
cmdline mri_binarize --i ./tmp.mri_nu_correct.mni.990104/nu0.mgz --min -1 --o ./tmp.mri_nu_correct.mni.990104/ones.mgz 
sysname  Linux
hostname rhea.wpic.upmc.edu
machine  x86_64
user     foranw

input      ./tmp.mri_nu_correct.mni.990104/nu0.mgz
frame      0
nErode3d   0
nErode2d   0
output     ./tmp.mri_nu_correct.mni.990104/ones.mgz
Binarizing based on threshold
min        -1
max        +infinity
binval        1
binvalnot     0
fstart = 0, fend = 0, nframes = 1
Starting parallel 1
Found 16777216 values in range
Counting number of voxels in first frame
Found 16777215 voxels in final mask
Writing output to ./tmp.mri_nu_correct.mni.990104/ones.mgz
Count: 16777215 16777215.000000 16777216 99.999994
mri_binarize done
mri_segstats --id 1 --seg ./tmp.mri_nu_correct.mni.990104/ones.mgz --i orig.mgz --sum ./tmp.mri_nu_correct.mni.990104/sum.junk --avgwf ./tmp.mri_nu_correct.mni.990104/input.mean.dat

7.4.1
cwd 
cmdline mri_segstats --id 1 --seg ./tmp.mri_nu_correct.mni.990104/ones.mgz --i orig.mgz --sum ./tmp.mri_nu_correct.mni.990104/sum.junk --avgwf ./tmp.mri_nu_correct.mni.990104/input.mean.dat 
sysname  Linux
hostname rhea.wpic.upmc.edu
machine  x86_64
user     foranw
whitesurfname  white
UseRobust  0
Loading ./tmp.mri_nu_correct.mni.990104/ones.mgz
Loading orig.mgz
Voxel Volume is 1 mm^3
Generating list of segmentation ids
Found   1 segmentations
Computing statistics for each segmentation

Reporting on   1 segmentations
Using PrintSegStat
Computing spatial average of each frame

Writing to ./tmp.mri_nu_correct.mni.990104/input.mean.dat
mri_segstats done
mri_segstats --id 1 --seg ./tmp.mri_nu_correct.mni.990104/ones.mgz --i ./tmp.mri_nu_correct.mni.990104/nu0.mgz --sum ./tmp.mri_nu_correct.mni.990104/sum.junk --avgwf ./tmp.mri_nu_correct.mni.990104/output.mean.dat

7.4.1
cwd 
cmdline mri_segstats --id 1 --seg ./tmp.mri_nu_correct.mni.990104/ones.mgz --i ./tmp.mri_nu_correct.mni.990104/nu0.mgz --sum ./tmp.mri_nu_correct.mni.990104/sum.junk --avgwf ./tmp.mri_nu_correct.mni.990104/output.mean.dat 
sysname  Linux
hostname rhea.wpic.upmc.edu
machine  x86_64
user     foranw
whitesurfname  white
UseRobust  0
Loading ./tmp.mri_nu_correct.mni.990104/ones.mgz
Loading ./tmp.mri_nu_correct.mni.990104/nu0.mgz
Voxel Volume is 1 mm^3
Generating list of segmentation ids
Found   1 segmentations
Computing statistics for each segmentation

Reporting on   1 segmentations
Using PrintSegStat
Computing spatial average of each frame

Writing to ./tmp.mri_nu_correct.mni.990104/output.mean.dat
mri_segstats done
mris_calc -o ./tmp.mri_nu_correct.mni.990104/nu0.mgz ./tmp.mri_nu_correct.mni.990104/nu0.mgz mul 1.60509530740615289889
Saving result to './tmp.mri_nu_correct.mni.990104/nu0.mgz' (type = MGH )                       [ ok ]
mri_convert ./tmp.mri_nu_correct.mni.990104/nu0.mgz nu.mgz --like orig.mgz
mri_convert ./tmp.mri_nu_correct.mni.990104/nu0.mgz nu.mgz --like orig.mgz 
reading from ./tmp.mri_nu_correct.mni.990104/nu0.mgz...
TR=0.00, TE=0.00, TI=0.00, flip angle=0.00
i_ras = (-1, 0, 0)
j_ras = (0, 0, -1)
k_ras = (0, 1, 0)
INFO: transform src into the like-volume: orig.mgz
writing to nu.mgz...
mri_make_uchar nu.mgz transforms/talairach.xfm nu.mgz
type change took 0 minutes and 17 seconds.
FIRST_PERCENTILE 0.010000
WM_PERCENTILE    0.900000
MAX_R 50.000000
i1 = 1, i2 = 62
#mri_make_uchar# mapping  2 147 to  3 110  :  b 0.788525 m 0.74524 : thresh -1.05808 maxsat 341.114 : nzero 0 nsat 0
 
 
Thu Jun 19 09:29:57 EDT 2025
mri_nu_correct.mni done

 mri_add_xform_to_header -c /Freesurfer_output/sub-11968_ses-1/mri/transforms/talairach.xfm nu.mgz nu.mgz 

INFO: extension is mgz
#--------------------------------------------
#@# Intensity Normalization Thu Jun 19 09:30:02 EDT 2025
/Freesurfer_output/sub-11968_ses-1/mri

 mri_normalize -g 1 -seed 1234 -mprage nu.mgz T1.mgz 

using max gradient = 1.000
setting seed for random number genererator to 1234
assuming input volume is MGH (Van der Kouwe) MP-RAGE
reading mri_src from nu.mgz...
normalizing image...
NOT doing gentle normalization with control points/label
talairach transform
 1.02684  -0.05147   0.01716   7.78422;
 0.09149   0.98544   0.16800  -32.98425;
 0.00823  -0.16268   1.11596  -43.68405;
 0.00000   0.00000   0.00000   1.00000;
processing without aseg, no1d=0
MRInormInit(): 
INFO: Modifying talairach volume c_(r,a,s) based on average_305
MRInormalize(): 
MRIsplineNormalize(): npeaks = 16
Starting OpenSpline(): npoints = 16
building Voronoi diagram...
performing soap bubble smoothing, sigma = 8...

Iterating 2 times
---------------------------------
3d normalization pass 1 of 2
white matter peak found at 110
white matter peak found at 110
gm peak at 73 (72), valley at 54 (53)
csf peak at 37, setting threshold to 61
building Voronoi diagram...
performing soap bubble smoothing, sigma = 8...
---------------------------------
3d normalization pass 2 of 2
white matter peak found at 110
white matter peak found at 110
gm peak at 74 (73), valley at 58 (57)
csf peak at 37, setting threshold to 61
building Voronoi diagram...
performing soap bubble smoothing, sigma = 8...
Done iterating ---------------------------------
writing output to T1.mgz
3D bias adjustment took 4 minutes and 33 seconds.
#--------------------------------------------
#@# Skull Stripping Thu Jun 19 09:34:38 EDT 2025
/Freesurfer_output/sub-11968_ses-1/mri

 mri_em_register -skull nu.mgz /opt/freesurfer/average/RB_all_withskull_2020_01_02.gca transforms/talairach_with_skull.lta 

aligning to atlas containing skull, setting unknown_nbr_spacing = 5

== Number of threads available to mri_em_register for OpenMP = 1 == 
reading 1 input volumes...
logging results to talairach_with_skull.log
reading '/opt/freesurfer/average/RB_all_withskull_2020_01_02.gca'...
GCAread took 0 minutes and 2 seconds.
average std = 23.0   using min determinant for regularization = 52.8
0 singular and 9205 ill-conditioned covariance matrices regularized
reading 'nu.mgz'...
freeing gibbs priors...done.
accounting for voxel sizes in initial transform
bounding unknown intensity as < 8.9 or > 556.0 
total sample mean = 77.3 (1403 zeros)
************************************************
spacing=8, using 3292 sample points, tol=1.00e-05...
************************************************
register_mri: find_optimal_transform
find_optimal_transform: nsamples 3292, passno 0, spacing 8
resetting wm mean[0]: 100 --> 108
resetting gm mean[0]: 61 --> 61
input volume #1 is the most T1-like
using real data threshold=9.0
skull bounding box = (46, 23, 11) --> (218, 255, 223)
finding center of left hemi white matter
using (103, 100, 117) as brain centroid of Right_Cerebral_White_Matter...
MRImask(): AllowDiffGeom = 1
mean wm in atlas = 108, using box (82,71,91) --> (124, 128,143) to find MRI wm
before smoothing, mri peak at 108
robust fit to distribution - 107 +- 5.7
after smoothing, mri peak at 107, scaling input intensities by 1.009
scaling channel 0 by 1.00935
initial log_p = -4.351
************************************************
First Search limited to translation only.
************************************************
max log p =    -4.180201 @ (-10.526, 10.526, -10.526)
max log p =    -3.984899 @ (5.263, 5.263, 5.263)
max log p =    -3.984899 @ (0.000, 0.000, 0.000)
max log p =    -3.970849 @ (-1.316, -1.316, -1.316)
max log p =    -3.945139 @ (0.658, 0.658, 0.658)
max log p =    -3.945139 @ (0.000, 0.000, 0.000)
max log p =    -3.945139 @ (0.000, 0.000, 0.000)
max log p =    -3.945139 @ (0.000, 0.000, 0.000)
Found translation: (-5.9, 15.1, -5.9): log p = -3.945
****************************************
Nine parameter search.  iteration 0 nscales = 0 ...
****************************************
Result so far: scale 1.000: max_log_p=-3.887, old_max_log_p =-3.945 (thresh=-3.9)
 1.07500   0.00000   0.00000  -15.74783;
 0.00000   1.06580   0.14032  -2.15338;
 0.00000  -0.14032   1.06580   4.19122;
 0.00000   0.00000   0.00000   1.00000;
iteration took 4 minutes and 13 seconds.
****************************************
Nine parameter search.  iteration 1 nscales = 0 ...
****************************************
Result so far: scale 1.000: max_log_p=-3.839, old_max_log_p =-3.887 (thresh=-3.9)
 1.07500   0.00000   0.00000  -15.74783;
 0.00000   1.14574   0.15084  -12.97315;
 0.00000  -0.12979   0.98587   12.21443;
 0.00000   0.00000   0.00000   1.00000;
iteration took 3 minutes and 33 seconds.
****************************************
Nine parameter search.  iteration 2 nscales = 0 ...
****************************************
Result so far: scale 1.000: max_log_p=-3.839, old_max_log_p =-3.839 (thresh=-3.8)
 1.07500   0.00000   0.00000  -15.74783;
 0.00000   1.14574   0.15084  -12.97315;
 0.00000  -0.12979   0.98587   12.21443;
 0.00000   0.00000   0.00000   1.00000;
reducing scale to 0.2500
iteration took 3 minutes and 40 seconds.
****************************************
Nine parameter search.  iteration 3 nscales = 1 ...
****************************************
Result so far: scale 0.250: max_log_p=-3.749, old_max_log_p =-3.839 (thresh=-3.8)
 1.01311  -0.01263   0.06016  -13.11194;
 0.00234   1.07798   0.17057  -10.99530;
-0.07291  -0.17581   1.01448   20.09716;
 0.00000   0.00000   0.00000   1.00000;
iteration took 3 minutes and 26 seconds.
****************************************
Nine parameter search.  iteration 4 nscales = 1 ...
****************************************
Result so far: scale 0.250: max_log_p=-3.749, old_max_log_p =-3.749 (thresh=-3.7)
 1.01311  -0.01263   0.06016  -13.11194;
 0.00234   1.07798   0.17057  -10.99530;
-0.07291  -0.17581   1.01448   20.09716;
 0.00000   0.00000   0.00000   1.00000;
reducing scale to 0.0625
iteration took 3 minutes and 27 seconds.
****************************************
Nine parameter search.  iteration 5 nscales = 2 ...
****************************************
Result so far: scale 0.062: max_log_p=-3.728, old_max_log_p =-3.749 (thresh=-3.7)
 1.01483  -0.01969   0.05030  -11.28994;
 0.00824   1.07027   0.20385  -14.36118;
-0.06458  -0.21084   1.00763   24.11431;
 0.00000   0.00000   0.00000   1.00000;
iteration took 2 minutes and 51 seconds.
****************************************
Nine parameter search.  iteration 6 nscales = 2 ...
****************************************
Result so far: scale 0.062: max_log_p=-3.728, old_max_log_p =-3.728 (thresh=-3.7)
 1.01483  -0.01969   0.05030  -11.28994;
 0.00824   1.07027   0.20385  -14.36118;
-0.06458  -0.21084   1.00763   24.11431;
 0.00000   0.00000   0.00000   1.00000;
min search scale 0.025000 reached
***********************************************
Computing MAP estimate using 3292 samples...
***********************************************
dt = 5.00e-06, momentum=0.80, tol=1.00e-05
l_intensity = 1.0000
Aligning input volume to GCA...
Transform matrix
 1.01483  -0.01969   0.05030  -11.28994;
 0.00824   1.07027   0.20385  -14.36118;
-0.06458  -0.21084   1.00763   24.11431;
 0.00000   0.00000   0.00000   1.00000;
nsamples 3292
Quasinewton: input matrix
 1.01483  -0.01969   0.05030  -11.28994;
 0.00824   1.07027   0.20385  -14.36118;
-0.06458  -0.21084   1.00763   24.11431;
 0.00000   0.00000   0.00000   1.00000;
 IFLAG= -1  LINE SEARCH FAILED. SEE DOCUMENTATION OF ROUTINE MCSRCH ERROR RETURN OF LINE SEARCH: INFO= 4 POSSIBLE CAUSES: FUNCTION OR GRADIENT ARE INCORRECT OR INCORRECT TOLERANCESoutof QuasiNewtonEMA: 009: -log(p) =   -0.0  tol 0.000010
Resulting transform:
 1.01483  -0.01969   0.05030  -11.28994;
 0.00824   1.07027   0.20385  -14.36118;
-0.06458  -0.21084   1.00763   24.11431;
 0.00000   0.00000   0.00000   1.00000;

pass 1, spacing 8: log(p) = -3.728 (old=-4.351)
transform before final EM align:
 1.01483  -0.01969   0.05030  -11.28994;
 0.00824   1.07027   0.20385  -14.36118;
-0.06458  -0.21084   1.00763   24.11431;
 0.00000   0.00000   0.00000   1.00000;

**************************************************
 EM alignment process ...
 Computing final MAP estimate using 364986 samples. 
**************************************************
dt = 5.00e-06, momentum=0.80, tol=1.00e-07
l_intensity = 1.0000
Aligning input volume to GCA...
Transform matrix
 1.01483  -0.01969   0.05030  -11.28994;
 0.00824   1.07027   0.20385  -14.36118;
-0.06458  -0.21084   1.00763   24.11431;
 0.00000   0.00000   0.00000   1.00000;
nsamples 364986
Quasinewton: input matrix
 1.01483  -0.01969   0.05030  -11.28994;
 0.00824   1.07027   0.20385  -14.36118;
-0.06458  -0.21084   1.00763   24.11431;
 0.00000   0.00000   0.00000   1.00000;
 IFLAG= -1  LINE SEARCH FAILED. SEE DOCUMENTATION OF ROUTINE MCSRCH ERROR RETURN OF LINE SEARCH: INFO= 6 POSSIBLE CAUSES: FUNCTION OR GRADIENT ARE INCORRECT OR INCORRECT TOLERANCESoutof QuasiNewtonEMA: 011: -log(p) =    4.2  tol 0.000000
final transform:
 1.01483  -0.01969   0.05030  -11.28994;
 0.00824   1.07027   0.20385  -14.36118;
-0.06458  -0.21084   1.00763   24.11431;
 0.00000   0.00000   0.00000   1.00000;

writing output transformation to transforms/talairach_with_skull.lta...
#VMPC# mri_em_register VmPeak  780924
FSRUNTIME@ mri_em_register  0.4441 hours 1 threads
registration took 26 minutes and 39 seconds.

 mri_watershed -T1 -brain_atlas /opt/freesurfer/average/RB_all_withskull_2020_01_02.gca transforms/talairach_with_skull.lta T1.mgz brainmask.auto.mgz 


Mode:          T1 normalized volume
Mode:          Use the information of atlas (default parms, --help for details)

*********************************************************
The input file is T1.mgz
The output file is brainmask.auto.mgz
Weighting the input with atlas information before watershed

*************************WATERSHED**************************
Sorting...
      first estimation of the COG coord: x=131 y=92 z=116 r=91
      first estimation of the main basin volume: 3196184 voxels
      Looking for seedpoints 
        2 found in the cerebellum 
        16 found in the rest of the brain 
      global maximum in x=113, y=84, z=75, Imax=255
      CSF=13, WM_intensity=110, WM_VARIANCE=5
      WM_MIN=110, WM_HALF_MIN=110, WM_HALF_MAX=110, WM_MAX=110 
      preflooding height equal to 10 percent
done.
Analyze...

      main basin size=1930481966 voxels, voxel volume =1.000 
                     = 1930481966 mmm3 = 1930481.920 cm3
done.
PostAnalyze...Basin Prior
 55 basins merged thanks to atlas 
      ***** 0 basin(s) merged in 1 iteration(s)
      ***** 0 voxel(s) added to the main basin
done.
Weighting the input with prior template 

****************TEMPLATE DEFORMATION****************

      second estimation of the COG coord: x=131,y=105, z=109, r=10456 iterations
^^^^^^^^ couldn't find WM with original limits - expanding ^^^^^^

   GLOBAL      CSF_MIN=0, CSF_intensity=7, CSF_MAX=34 , nb = 45216
  RIGHT_CER    CSF_MIN=0, CSF_intensity=7, CSF_MAX=33 , nb = 3186
  LEFT_CER     CSF_MIN=0, CSF_intensity=4, CSF_MAX=16 , nb = 3204
 RIGHT_BRAIN   CSF_MIN=0, CSF_intensity=7, CSF_MAX=34 , nb = 19152
 LEFT_BRAIN    CSF_MIN=0, CSF_intensity=7, CSF_MAX=34 , nb = 19044
    OTHER      CSF_MIN=0, CSF_intensity=4, CSF_MAX=13 , nb = 630
 Problem with the least square interpolation in GM_MIN calculation.
   
                     CSF_MAX  TRANSITION  GM_MIN  GM
    GLOBAL     
  before analyzing :    34,      44,        52,   70
  after  analyzing :    34,      49,        52,   54
   RIGHT_CER   
  before analyzing :    33,      44,        52,   70
  after  analyzing :    33,      49,        52,   54
   LEFT_CER    
  before analyzing :    16,      28,        51,   72
  after  analyzing :    16,      43,        51,   50
  RIGHT_BRAIN  
  before analyzing :    34,      44,        51,   69
  after  analyzing :    34,      48,        51,   53
  LEFT_BRAIN   
  before analyzing :    34,      45,        53,   70
  after  analyzing :    34,      50,        53,   55
     OTHER     
  before analyzing :    13,      33,        75,   93
  after  analyzing :    13,      61,        75,   69
      mri_strip_skull: done peeling brain
      highly tesselated surface with 10242 vertices
      matching...70 iterations

*********************VALIDATION*********************
curvature mean = -0.013, std = 0.011
curvature mean = 70.567, std = 8.317

No Rigid alignment: -atlas Mode Off (basic atlas / no registration)
      before rotation: sse = 2.75, sigma = 3.52
      after  rotation: sse = 2.75, sigma = 3.52
Localization of inacurate regions: Erosion-Dilation steps
      the sse mean is  2.82, its var is  3.06   
      before Erosion-Dilatation  0.15% of inacurate vertices
      after  Erosion-Dilatation  0.00% of inacurate vertices
      Validation of the shape of the surface done.
Scaling of atlas fields onto current surface fields

********FINAL ITERATIVE TEMPLATE DEFORMATION********
Compute Local values csf/gray
Fine Segmentation...52 iterations

      mri_strip_skull: done peeling brain

Brain Size = 1747434 voxels, voxel volume = 1.000 mm3
           = 1747434 mmm3 = 1747.434 cm3


******************************
Saving brainmask.auto.mgz
done
mri_watershed done

 cp brainmask.auto.mgz brainmask.mgz 

#-------------------------------------
#@# EM Registration Thu Jun 19 10:02:27 EDT 2025
/Freesurfer_output/sub-11968_ses-1/mri

 mri_em_register -uns 3 -mask brainmask.mgz nu.mgz /opt/freesurfer/average/RB_all_2020-01-02.gca transforms/talairach.lta 

setting unknown_nbr_spacing = 3
using MR volume brainmask.mgz to mask input volume...

== Number of threads available to mri_em_register for OpenMP = 1 == 
reading 1 input volumes...
logging results to talairach.log
reading '/opt/freesurfer/average/RB_all_2020-01-02.gca'...
GCAread took 0 minutes and 3 seconds.
average std = 7.2   using min determinant for regularization = 5.2
0 singular and 884 ill-conditioned covariance matrices regularized
reading 'nu.mgz'...
MRImask(): AllowDiffGeom = 1
MRImask(): AllowDiffGeom = 1
MRImask(): AllowDiffGeom = 1
MRImask(): AllowDiffGeom = 1
MRImask(): AllowDiffGeom = 1
freeing gibbs priors...done.
accounting for voxel sizes in initial transform
bounding unknown intensity as < 5.9 or > 519.0 
total sample mean = 79.1 (1017 zeros)
************************************************
spacing=8, using 2841 sample points, tol=1.00e-05...
************************************************
register_mri: find_optimal_transform
find_optimal_transform: nsamples 2841, passno 0, spacing 8
resetting wm mean[0]: 98 --> 107
resetting gm mean[0]: 61 --> 61
input volume #1 is the most T1-like
using real data threshold=22.0
skull bounding box = (61, 41, 32) --> (201, 169, 203)
finding center of left hemi white matter
using (108, 84, 118) as brain centroid of Right_Cerebral_White_Matter...
MRImask(): AllowDiffGeom = 1
mean wm in atlas = 107, using box (91,68,97) --> (125, 99,139) to find MRI wm
before smoothing, mri peak at 108
robust fit to distribution - 108 +- 4.5
after smoothing, mri peak at 107, scaling input intensities by 1.000
scaling channel 0 by 1
initial log_p = -4.441
************************************************
First Search limited to translation only.
************************************************
max log p =    -3.943158 @ (-10.526, 10.526, -10.526)
max log p =    -3.553153 @ (5.263, 5.263, 5.263)
max log p =    -3.501787 @ (2.632, 2.632, -2.632)
max log p =    -3.457364 @ (-1.316, -1.316, 1.316)
max log p =    -3.457364 @ (0.000, 0.000, 0.000)
max log p =    -3.457364 @ (0.000, 0.000, 0.000)
max log p =    -3.457364 @ (0.000, 0.000, 0.000)
max log p =    -3.457364 @ (0.000, 0.000, 0.000)
Found translation: (-3.9, 17.1, -6.6): log p = -3.457
****************************************
Nine parameter search.  iteration 0 nscales = 0 ...
****************************************
Result so far: scale 1.000: max_log_p=-3.444, old_max_log_p =-3.457 (thresh=-3.5)
 1.00000   0.00000   0.00000  -3.94737;
 0.00000   1.06580   0.14032  -5.33420;
 0.00000  -0.12074   0.91709   15.04482;
 0.00000   0.00000   0.00000   1.00000;
iteration took 3 minutes and 5 seconds.
****************************************
Nine parameter search.  iteration 1 nscales = 0 ...
****************************************
Result so far: scale 1.000: max_log_p=-3.435, old_max_log_p =-3.444 (thresh=-3.4)
 1.00000   0.00000   0.00000  -3.94737;
 0.00000   1.06580   0.14032  -5.33420;
 0.00000  -0.12979   0.98587   8.26661;
 0.00000   0.00000   0.00000   1.00000;
iteration took 2 minutes and 54 seconds.
****************************************
Nine parameter search.  iteration 2 nscales = 0 ...
****************************************
Result so far: scale 1.000: max_log_p=-3.435, old_max_log_p =-3.435 (thresh=-3.4)
 1.00000   0.00000   0.00000  -3.94737;
 0.00000   1.06580   0.14032  -5.33420;
 0.00000  -0.12979   0.98587   8.26661;
 0.00000   0.00000   0.00000   1.00000;
reducing scale to 0.2500
iteration took 2 minutes and 57 seconds.
****************************************
Nine parameter search.  iteration 3 nscales = 1 ...
****************************************
Result so far: scale 0.250: max_log_p=-3.351, old_max_log_p =-3.435 (thresh=-3.4)
 0.99954  -0.03384  -0.00136  -0.27736;
 0.03448   1.08826   0.10748  -6.58356;
-0.00226  -0.09561   0.97049   8.66630;
 0.00000   0.00000   0.00000   1.00000;
iteration took 2 minutes and 51 seconds.
****************************************
Nine parameter search.  iteration 4 nscales = 1 ...
****************************************
Result so far: scale 0.250: max_log_p=-3.350, old_max_log_p =-3.351 (thresh=-3.3)
 0.98138   0.00163   0.00314  -1.96857;
 0.00166   1.08507   0.13914  -7.32990;
-0.00345  -0.13362   0.98458   11.10062;
 0.00000   0.00000   0.00000   1.00000;
reducing scale to 0.0625
iteration took 2 minutes and 55 seconds.
****************************************
Nine parameter search.  iteration 5 nscales = 2 ...
****************************************
Result so far: scale 0.062: max_log_p=-3.319, old_max_log_p =-3.350 (thresh=-3.3)
 0.98248  -0.00602  -0.00616  -0.78179;
 0.00963   1.08401   0.15530  -9.55656;
 0.00456  -0.15107   0.97985   13.29780;
 0.00000   0.00000   0.00000   1.00000;
iteration took 2 minutes and 23 seconds.
****************************************
Nine parameter search.  iteration 6 nscales = 2 ...
****************************************
Result so far: scale 0.062: max_log_p=-3.315, old_max_log_p =-3.319 (thresh=-3.3)
 0.98248  -0.00602  -0.00616  -0.78179;
 0.00963   1.08401   0.15530  -9.55656;
 0.00455  -0.15071   0.97755   13.51372;
 0.00000   0.00000   0.00000   1.00000;
iteration took 2 minutes and 31 seconds.
****************************************
Nine parameter search.  iteration 7 nscales = 2 ...
****************************************
Result so far: scale 0.062: max_log_p=-3.315, old_max_log_p =-3.315 (thresh=-3.3)
 0.98248  -0.00602  -0.00616  -0.78179;
 0.00963   1.08401   0.15530  -9.55656;
 0.00455  -0.15071   0.97755   13.51372;
 0.00000   0.00000   0.00000   1.00000;
min search scale 0.025000 reached
***********************************************
Computing MAP estimate using 2841 samples...
***********************************************
dt = 5.00e-06, momentum=0.80, tol=1.00e-05
l_intensity = 1.0000
Aligning input volume to GCA...
Transform matrix
 0.98248  -0.00602  -0.00616  -0.78179;
 0.00963   1.08401   0.15530  -9.55656;
 0.00455  -0.15071   0.97755   13.51372;
 0.00000   0.00000   0.00000   1.00000;
nsamples 2841
Quasinewton: input matrix
 0.98248  -0.00602  -0.00616  -0.78179;
 0.00963   1.08401   0.15530  -9.55656;
 0.00455  -0.15071   0.97755   13.51372;
 0.00000   0.00000   0.00000   1.00000;
 IFLAG= -1  LINE SEARCH FAILED. SEE DOCUMENTATION OF ROUTINE MCSRCH ERROR RETURN OF LINE SEARCH: INFO= 3 POSSIBLE CAUSES: FUNCTION OR GRADIENT ARE INCORRECT OR INCORRECT TOLERANCESoutof QuasiNewtonEMA: 010: -log(p) =   -0.0  tol 0.000010
Resulting transform:
 0.98248  -0.00602  -0.00616  -0.78179;
 0.00963   1.08401   0.15530  -9.55656;
 0.00455  -0.15071   0.97755   13.51372;
 0.00000   0.00000   0.00000   1.00000;

pass 1, spacing 8: log(p) = -3.315 (old=-4.441)
transform before final EM align:
 0.98248  -0.00602  -0.00616  -0.78179;
 0.00963   1.08401   0.15530  -9.55656;
 0.00455  -0.15071   0.97755   13.51372;
 0.00000   0.00000   0.00000   1.00000;

**************************************************
 EM alignment process ...
 Computing final MAP estimate using 315638 samples. 
**************************************************
dt = 5.00e-06, momentum=0.80, tol=1.00e-07
l_intensity = 1.0000
Aligning input volume to GCA...
Transform matrix
 0.98248  -0.00602  -0.00616  -0.78179;
 0.00963   1.08401   0.15530  -9.55656;
 0.00455  -0.15071   0.97755   13.51372;
 0.00000   0.00000   0.00000   1.00000;
nsamples 315638
Quasinewton: input matrix
 0.98248  -0.00602  -0.00616  -0.78179;
 0.00963   1.08401   0.15530  -9.55656;
 0.00455  -0.15071   0.97755   13.51372;
 0.00000   0.00000   0.00000   1.00000;
 IFLAG= -1  LINE SEARCH FAILED. SEE DOCUMENTATION OF ROUTINE MCSRCH ERROR RETURN OF LINE SEARCH: INFO= 6 POSSIBLE CAUSES: FUNCTION OR GRADIENT ARE INCORRECT OR INCORRECT TOLERANCESoutof QuasiNewtonEMA: 012: -log(p) =    3.8  tol 0.000000
final transform:
 0.98248  -0.00602  -0.00616  -0.78179;
 0.00963   1.08401   0.15530  -9.55656;
 0.00455  -0.15071   0.97755   13.51372;
 0.00000   0.00000   0.00000   1.00000;

writing output transformation to transforms/talairach.lta...
#VMPC# mri_em_register VmPeak  768376
FSRUNTIME@ mri_em_register  0.4119 hours 1 threads
registration took 24 minutes and 43 seconds.
#--------------------------------------
#@# CA Normalize Thu Jun 19 10:27:10 EDT 2025
/Freesurfer_output/sub-11968_ses-1/mri

 mri_ca_normalize -c ctrl_pts.mgz -mask brainmask.mgz nu.mgz /opt/freesurfer/average/RB_all_2020-01-02.gca transforms/talairach.lta norm.mgz 

writing control point volume to ctrl_pts.mgz
using MR volume brainmask.mgz to mask input volume...
reading 1 input volume
reading atlas from '/opt/freesurfer/average/RB_all_2020-01-02.gca'...
reading transform from 'transforms/talairach.lta'...
reading input volume from nu.mgz...
resetting wm mean[0]: 98 --> 107
resetting gm mean[0]: 61 --> 61
input volume #1 is the most T1-like
using real data threshold=23.0
skull bounding box = (61, 41, 32) --> (201, 169, 202)
finding center of left hemi white matter
using (108, 84, 117) as brain centroid of Right_Cerebral_White_Matter...
mean wm in atlas = 107, using box (91,68,96) --> (125, 99,137) to find MRI wm
before smoothing, mri peak at 108
robust fit to distribution - 107 +- 5.1
after smoothing, mri peak at 107, scaling input intensities by 1.000
scaling channel 0 by 1
using 246437 sample points...
INFO: compute sample coordinates transform
 0.98248  -0.00602  -0.00616  -0.78179;
 0.00963   1.08401   0.15530  -9.55656;
 0.00455  -0.15071   0.97755   13.51372;
 0.00000   0.00000   0.00000   1.00000;
INFO: transform used
finding control points in Left_Cerebral_White_Matter....
found 40230 control points for structure...
bounding box (130, 40, 31) --> (198, 145, 199)
Left_Cerebral_White_Matter: limiting intensities to 91.0 --> 132.0
4 of 612 (0.7%) samples deleted
finding control points in Right_Cerebral_White_Matter....
found 39478 control points for structure...
bounding box (65, 43, 30) --> (133, 148, 200)
Right_Cerebral_White_Matter: limiting intensities to 88.0 --> 132.0
0 of 613 (0.0%) samples deleted
finding control points in Left_Cerebellum_White_Matter....
found 3105 control points for structure...
bounding box (132, 120, 57) --> (181, 162, 112)
Left_Cerebellum_White_Matter: limiting intensities to 88.0 --> 132.0
2 of 8 (25.0%) samples deleted
finding control points in Right_Cerebellum_White_Matter....
found 2710 control points for structure...
bounding box (86, 120, 55) --> (130, 161, 113)
Right_Cerebellum_White_Matter: limiting intensities to 88.0 --> 132.0
0 of 11 (0.0%) samples deleted
finding control points in Brain_Stem....
found 3475 control points for structure...
bounding box (114, 112, 94) --> (149, 176, 124)
Brain_Stem: limiting intensities to 88.0 --> 132.0
2 of 11 (18.2%) samples deleted
using 1255 total control points for intensity normalization...
bias field = 0.989 +- 0.055
1 of 1247 control points discarded
finding control points in Left_Cerebral_White_Matter....
found 40230 control points for structure...
bounding box (130, 40, 31) --> (198, 145, 199)
Left_Cerebral_White_Matter: limiting intensities to 91.0 --> 132.0
12 of 682 (1.8%) samples deleted
finding control points in Right_Cerebral_White_Matter....
found 39478 control points for structure...
bounding box (65, 43, 30) --> (133, 148, 200)
Right_Cerebral_White_Matter: limiting intensities to 88.0 --> 132.0
0 of 857 (0.0%) samples deleted
finding control points in Left_Cerebellum_White_Matter....
found 3105 control points for structure...
bounding box (132, 120, 57) --> (181, 162, 112)
Left_Cerebellum_White_Matter: limiting intensities to 88.0 --> 132.0
59 of 87 (67.8%) samples deleted
finding control points in Right_Cerebellum_White_Matter....
found 2710 control points for structure...
bounding box (86, 120, 55) --> (130, 161, 113)
Right_Cerebellum_White_Matter: limiting intensities to 88.0 --> 132.0
36 of 89 (40.4%) samples deleted
finding control points in Brain_Stem....
found 3475 control points for structure...
bounding box (114, 112, 94) --> (149, 176, 124)
Brain_Stem: limiting intensities to 88.0 --> 132.0
54 of 81 (66.7%) samples deleted
using 1796 total control points for intensity normalization...
bias field = 1.020 +- 0.055
3 of 1627 control points discarded
finding control points in Left_Cerebral_White_Matter....
found 40230 control points for structure...
bounding box (130, 40, 31) --> (198, 145, 199)
Left_Cerebral_White_Matter: limiting intensities to 90.0 --> 132.0
11 of 701 (1.6%) samples deleted
finding control points in Right_Cerebral_White_Matter....
found 39478 control points for structure...
bounding box (65, 43, 30) --> (133, 148, 200)
Right_Cerebral_White_Matter: limiting intensities to 88.0 --> 132.0
0 of 962 (0.0%) samples deleted
finding control points in Left_Cerebellum_White_Matter....
found 3105 control points for structure...
bounding box (132, 120, 57) --> (181, 162, 112)
Left_Cerebellum_White_Matter: limiting intensities to 88.0 --> 132.0
149 of 159 (93.7%) samples deleted
finding control points in Right_Cerebellum_White_Matter....
found 2710 control points for structure...
bounding box (86, 120, 55) --> (130, 161, 113)
Right_Cerebellum_White_Matter: limiting intensities to 88.0 --> 132.0
84 of 124 (67.7%) samples deleted
finding control points in Brain_Stem....
found 3475 control points for structure...
bounding box (114, 112, 94) --> (149, 176, 124)
Brain_Stem: limiting intensities to 88.0 --> 132.0
112 of 209 (53.6%) samples deleted
using 2155 total control points for intensity normalization...
bias field = 1.020 +- 0.059
8 of 1738 control points discarded
writing normalized volume to norm.mgz...
writing control points to ctrl_pts.mgz
freeing GCA...done.
normalization took 2 minutes and 34 seconds.
#--------------------------------------
#@# CA Reg Thu Jun 19 10:29:45 EDT 2025
/Freesurfer_output/sub-11968_ses-1/mri

 mri_ca_register -nobigventricles -T transforms/talairach.lta -align-after -mask brainmask.mgz norm.mgz /opt/freesurfer/average/RB_all_2020-01-02.gca transforms/talairach.m3z 

not handling expanded ventricles...
using previously computed transform transforms/talairach.lta
renormalizing sequences with structure alignment, equivalent to:
	-renormalize
	-regularize_mean 0.500
	-regularize 0.500
using MR volume brainmask.mgz to mask input volume...

== Number of threads available to mri_ca_register for OpenMP = 1 == 
reading 1 input volumes...
logging results to talairach.log
reading input volume 'norm.mgz'...
reading GCA '/opt/freesurfer/average/RB_all_2020-01-02.gca'...
label assignment complete, 0 changed (0.00%)
freeing gibbs priors...done.
average std[0] = 5.0
Starting GCAMregister()
label assignment complete, 0 changed (0.00%)
npasses = 1, nlevels = 6
#pass# 1 of 1 ************************
enabling zero nodes
setting smoothness cost coefficient to 0.156

#GCAMreg# pass 0 level1 5 level2 0 tsec 0 sigma 2
l_jacobian=1.00 l_label=1.00 l_log_likelihood=0.20 l_smoothness=0.16 
tol=2.50e-01, dt=5.00e-02, exp_k=20.0, momentum=0.90, levels=6, niter=500, lbl_dist=10.00, avgs=256, sigma=2.0,type=2, relabel=0, neg=no

blurring input image with Gaussian with sigma=2.000...
GCAMRegisterLevel(): init RMS 0.853833




























#GCAMreg# pass 0 level1 5 level2 1 tsec 1244.64 sigma 0.5
l_jacobian=1.00 l_label=1.00 l_log_likelihood=0.20 l_smoothness=0.16 
tol=2.50e-01, dt=5.00e-02, exp_k=20.0, momentum=0.90, levels=6, niter=500, lbl_dist=10.00, avgs=256, sigma=0.5,type=2, relabel=0, neg=no

blurring input image with Gaussian with sigma=0.500...
GCAMRegisterLevel(): init RMS 0.688412



setting smoothness cost coefficient to 0.615

#GCAMreg# pass 0 level1 4 level2 0 tsec 0 sigma 2
l_jacobian=1.00 l_label=1.00 l_log_likelihood=0.20 l_smoothness=0.62 
tol=2.50e-01, dt=5.00e-02, exp_k=20.0, momentum=0.90, levels=6, niter=500, lbl_dist=10.00, avgs=64, sigma=2.0,type=2, relabel=0, neg=no

blurring input image with Gaussian with sigma=2.000...
GCAMRegisterLevel(): init RMS 0.702256


















#GCAMreg# pass 0 level1 4 level2 1 tsec 641.013 sigma 0.5
l_jacobian=1.00 l_label=1.00 l_log_likelihood=0.20 l_smoothness=0.62 
tol=2.50e-01, dt=5.00e-02, exp_k=20.0, momentum=0.90, levels=6, niter=500, lbl_dist=10.00, avgs=64, sigma=0.5,type=2, relabel=0, neg=no

blurring input image with Gaussian with sigma=0.500...
GCAMRegisterLevel(): init RMS 0.678451

setting smoothness cost coefficient to 2.353

#GCAMreg# pass 0 level1 3 level2 0 tsec 0 sigma 2
l_jacobian=1.00 l_label=1.00 l_log_likelihood=0.20 l_smoothness=2.35 
tol=2.50e-01, dt=5.00e-02, exp_k=20.0, momentum=0.90, levels=6, niter=500, lbl_dist=10.00, avgs=16, sigma=2.0,type=2, relabel=0, neg=no

blurring input image with Gaussian with sigma=2.000...
GCAMRegisterLevel(): init RMS 0.712964



#GCAMreg# pass 0 level1 3 level2 1 tsec 157.33 sigma 0.5
l_jacobian=1.00 l_label=1.00 l_log_likelihood=0.20 l_smoothness=2.35 
tol=2.50e-01, dt=5.00e-02, exp_k=20.0, momentum=0.90, levels=6, niter=500, lbl_dist=10.00, avgs=16, sigma=0.5,type=2, relabel=0, neg=no

blurring input image with Gaussian with sigma=0.500...
GCAMRegisterLevel(): init RMS 0.71229

setting smoothness cost coefficient to 8.000

#GCAMreg# pass 0 level1 2 level2 0 tsec 0 sigma 2
l_jacobian=1.00 l_label=1.00 l_log_likelihood=0.20 l_smoothness=8.00 
tol=2.50e-01, dt=5.00e-02, exp_k=20.0, momentum=0.90, levels=6, niter=500, lbl_dist=10.00, avgs=4, sigma=2.0,type=2, relabel=0, neg=no

blurring input image with Gaussian with sigma=2.000...
GCAMRegisterLevel(): init RMS 0.79823






#GCAMreg# pass 0 level1 2 level2 1 tsec 323.547 sigma 0.5
l_jacobian=1.00 l_label=1.00 l_log_likelihood=0.20 l_smoothness=8.00 
tol=2.50e-01, dt=5.00e-02, exp_k=20.0, momentum=0.90, levels=6, niter=500, lbl_dist=10.00, avgs=4, sigma=0.5,type=2, relabel=0, neg=no

blurring input image with Gaussian with sigma=0.500...
GCAMRegisterLevel(): init RMS 0.76788

setting smoothness cost coefficient to 20.000

#GCAMreg# pass 0 level1 1 level2 0 tsec 0 sigma 2
l_jacobian=1.00 l_label=1.00 l_log_likelihood=0.20 l_smoothness=20.00 
tol=2.50e-01, dt=5.00e-02, exp_k=20.0, momentum=0.90, levels=6, niter=500, lbl_dist=10.00, avgs=1, sigma=2.0,type=2, relabel=0, neg=no

blurring input image with Gaussian with sigma=2.000...
GCAMRegisterLevel(): init RMS 0.827147





















#GCAMreg# pass 0 level1 1 level2 1 tsec 602.452 sigma 0.5
l_jacobian=1.00 l_label=1.00 l_log_likelihood=0.20 l_smoothness=20.00 
tol=2.50e-01, dt=5.00e-02, exp_k=20.0, momentum=0.90, levels=6, niter=500, lbl_dist=10.00, avgs=1, sigma=0.5,type=2, relabel=0, neg=no

blurring input image with Gaussian with sigma=0.500...
GCAMRegisterLevel(): init RMS 0.806346

resetting metric properties...
setting smoothness cost coefficient to 40.000

#GCAMreg# pass 0 level1 0 level2 0 tsec 0 sigma 2
l_jacobian=1.00 l_label=1.00 l_log_likelihood=0.20 l_smoothness=40.00 
tol=2.50e-01, dt=5.00e-02, exp_k=20.0, momentum=0.90, levels=6, niter=500, lbl_dist=10.00, avgs=0, sigma=2.0,type=2, relabel=0, neg=no

blurring input image with Gaussian with sigma=2.000...
GCAMRegisterLevel(): init RMS 0.772359



#GCAMreg# pass 0 level1 0 level2 1 tsec 173.146 sigma 0.5
l_jacobian=1.00 l_label=1.00 l_log_likelihood=0.20 l_smoothness=40.00 
tol=2.50e-01, dt=5.00e-02, exp_k=20.0, momentum=0.90, levels=6, niter=500, lbl_dist=10.00, avgs=0, sigma=0.5,type=2, relabel=0, neg=no

blurring input image with Gaussian with sigma=0.500...
GCAMRegisterLevel(): init RMS 0.767483


GCAMregister done in 67.6528 min
Starting GCAmapRenormalizeWithAlignment() without scales
renormalizing by structure alignment....
renormalizing input #0
gca peak = 0.10253 (16)
mri peak = 0.14908 (25)
Left_Lateral_Ventricle (4): linear fit = 1.18 x + 0.0 (1141 voxels, overlap=0.591)
Left_Lateral_Ventricle (4): linear fit = 1.18 x + 0.0 (1141 voxels, peak = 19), gca=19.0
gca peak = 0.17690 (16)
mri peak = 0.12452 (25)
Right_Lateral_Ventricle (43): linear fit = 1.52 x + 0.0 (1528 voxels, overlap=0.425)
Right_Lateral_Ventricle (43): linear fit = 1.50 x + 0.0 (1528 voxels, peak = 24), gca=24.0
gca peak = 0.28275 (96)
mri peak = 0.08078 (103)
Right_Pallidum (52): linear fit = 1.09 x + 0.0 (867 voxels, overlap=0.385)
Right_Pallidum (52): linear fit = 1.09 x + 0.0 (867 voxels, peak = 104), gca=104.2
gca peak = 0.18948 (93)
mri peak = 0.06197 (104)
Left_Pallidum (13): linear fit = 1.09 x + 0.0 (800 voxels, overlap=0.530)
Left_Pallidum (13): linear fit = 1.09 x + 0.0 (800 voxels, peak = 101), gca=100.9
gca peak = 0.20755 (55)
mri peak = 0.09119 (72)
Right_Hippocampus (53): linear fit = 1.26 x + 0.0 (821 voxels, overlap=0.019)
Right_Hippocampus (53): linear fit = 1.26 x + 0.0 (821 voxels, peak = 70), gca=69.6
gca peak = 0.31831 (58)
mri peak = 0.07786 (66)
Left_Hippocampus (17): linear fit = 1.12 x + 0.0 (663 voxels, overlap=0.526)
Left_Hippocampus (17): linear fit = 1.12 x + 0.0 (663 voxels, peak = 65), gca=64.7
gca peak = 0.11957 (102)
mri peak = 0.09279 (103)
Right_Cerebral_White_Matter (41): linear fit = 1.04 x + 0.0 (69188 voxels, overlap=0.711)
Right_Cerebral_White_Matter (41): linear fit = 1.04 x + 0.0 (69188 voxels, peak = 107), gca=106.6
gca peak = 0.11429 (102)
mri peak = 0.09541 (106)
Left_Cerebral_White_Matter (2): linear fit = 1.07 x + 0.0 (68643 voxels, overlap=0.597)
Left_Cerebral_White_Matter (2): linear fit = 1.07 x + 0.0 (68643 voxels, peak = 109), gca=108.6
gca peak = 0.14521 (59)
mri peak = 0.03339 (72)
Left_Cerebral_Cortex (3): linear fit = 1.20 x + 0.0 (22638 voxels, overlap=0.051)
Left_Cerebral_Cortex (3): linear fit = 1.20 x + 0.0 (22638 voxels, peak = 71), gca=70.5
gca peak = 0.14336 (58)
mri peak = 0.04934 (66)
Right_Cerebral_Cortex (42): linear fit = 1.14 x + 0.0 (22981 voxels, overlap=0.563)
Right_Cerebral_Cortex (42): linear fit = 1.14 x + 0.0 (22981 voxels, peak = 66), gca=66.4
gca peak = 0.13305 (70)
mri peak = 0.10689 (79)
Right_Caudate (50): linear fit = 1.16 x + 0.0 (513 voxels, overlap=0.077)
Right_Caudate (50): linear fit = 1.16 x + 0.0 (513 voxels, peak = 82), gca=81.5
gca peak = 0.15761 (71)
mri peak = 0.08930 (92)
Left_Caudate (11): linear fit = 1.23 x + 0.0 (681 voxels, overlap=0.026)
Left_Caudate (11): linear fit = 1.23 x + 0.0 (681 voxels, peak = 87), gca=87.0
gca peak = 0.13537 (57)
mri peak = 0.04905 (63)
Left_Cerebellum_Cortex (8): linear fit = 1.16 x + 0.0 (19166 voxels, overlap=0.468)
Left_Cerebellum_Cortex (8): linear fit = 1.16 x + 0.0 (19166 voxels, peak = 66), gca=66.4
gca peak = 0.13487 (56)
mri peak = 0.05666 (67)
Right_Cerebellum_Cortex (47): linear fit = 1.21 x + 0.0 (20691 voxels, overlap=0.374)
Right_Cerebellum_Cortex (47): linear fit = 1.21 x + 0.0 (20691 voxels, peak = 67), gca=67.5
gca peak = 0.19040 (84)
mri peak = 0.07441 (81)
Left_Cerebellum_White_Matter (7): linear fit = 0.99 x + 0.0 (9454 voxels, overlap=0.965)
Left_Cerebellum_White_Matter (7): linear fit = 0.99 x + 0.0 (9454 voxels, peak = 83), gca=82.7
gca peak = 0.18871 (83)
mri peak = 0.09257 (85)
Right_Cerebellum_White_Matter (46): linear fit = 1.05 x + 0.0 (8185 voxels, overlap=0.890)
Right_Cerebellum_White_Matter (46): linear fit = 1.05 x + 0.0 (8185 voxels, peak = 88), gca=87.6
gca peak = 0.24248 (57)
mri peak = 0.09567 (63)
Left_Amygdala (18): linear fit = 1.08 x + 0.0 (500 voxels, overlap=1.004)
Left_Amygdala (18): linear fit = 1.08 x + 0.0 (500 voxels, peak = 61), gca=61.3
gca peak = 0.35833 (56)
mri peak = 0.09070 (68)
Right_Amygdala (54): linear fit = 1.21 x + 0.0 (596 voxels, overlap=0.070)
Right_Amygdala (54): linear fit = 1.21 x + 0.0 (596 voxels, peak = 67), gca=67.5
gca peak = 0.12897 (85)
mri peak = 0.06283 (97)
Left_Thalamus (10): linear fit = 1.13 x + 0.0 (5906 voxels, overlap=0.349)
Left_Thalamus (10): linear fit = 1.13 x + 0.0 (5906 voxels, peak = 96), gca=96.5
gca peak = 0.13127 (83)
mri peak = 0.06450 (91)
Right_Thalamus (49): linear fit = 1.12 x + 0.0 (4747 voxels, overlap=0.473)
Right_Thalamus (49): linear fit = 1.12 x + 0.0 (4747 voxels, peak = 93), gca=92.5
gca peak = 0.12974 (78)
mri peak = 0.06267 (94)
Left_Putamen (12): linear fit = 1.17 x + 0.0 (2408 voxels, overlap=0.576)
Left_Putamen (12): linear fit = 1.17 x + 0.0 (2408 voxels, peak = 92), gca=91.6
gca peak = 0.17796 (79)
mri peak = 0.07237 (91)
Right_Putamen (51): linear fit = 1.14 x + 0.0 (2618 voxels, overlap=0.485)
Right_Putamen (51): linear fit = 1.14 x + 0.0 (2618 voxels, peak = 90), gca=90.5
gca peak = 0.10999 (80)
mri peak = 0.05748 (80)
Brain_Stem (16): linear fit = 1.14 x + 0.0 (12274 voxels, overlap=0.417)
Brain_Stem (16): linear fit = 1.14 x + 0.0 (12274 voxels, peak = 92), gca=91.6
gca peak = 0.13215 (88)
mri peak = 0.08224 (102)
Right_VentralDC (60): linear fit = 1.21 x + 0.0 (1019 voxels, overlap=0.079)
Right_VentralDC (60): linear fit = 1.21 x + 0.0 (1019 voxels, peak = 106), gca=106.0
gca peak = 0.11941 (89)
mri peak = 0.07467 (102)
Left_VentralDC (28): linear fit = 1.17 x + 0.0 (1308 voxels, overlap=0.029)
Left_VentralDC (28): linear fit = 1.17 x + 0.0 (1308 voxels, peak = 105), gca=104.6
gca peak = 0.20775 (25)
mri peak = 0.16993 (32)
gca peak = 0.13297 (21)
mri peak = 0.12323 (25)
Fourth_Ventricle (15): linear fit = 1.16 x + 0.0 (526 voxels, overlap=0.612)
Fourth_Ventricle (15): linear fit = 1.16 x + 0.0 (526 voxels, peak = 24), gca=24.5
gca peak Unknown = 0.94777 ( 0)
gca peak Left_Inf_Lat_Vent = 0.19087 (28)
gca peak Third_Ventricle = 0.20775 (25)
gca peak CSF = 0.16821 (33)
gca peak Left_Accumbens_area = 0.32850 (63)
gca peak Left_undetermined = 0.98480 (28)
gca peak Left_vessel = 0.40887 (53)
gca peak Left_choroid_plexus = 0.10898 (46)
gca peak Right_Inf_Lat_Vent = 0.17798 (26)
gca peak Right_Accumbens_area = 0.30137 (64)
gca peak Right_vessel = 0.47828 (52)
gca peak Right_choroid_plexus = 0.11612 (45)
gca peak Fifth_Ventricle = 0.59466 (35)
gca peak WM_hypointensities = 0.10053 (78)
gca peak non_WM_hypointensities = 0.07253 (60)
gca peak Optic_Chiasm = 0.25330 (73)
not using caudate to estimate GM means
estimating mean gm scale to be 1.17 x + 0.0
estimating mean wm scale to be 1.06 x + 0.0
estimating mean csf scale to be 1.28 x + 0.0
Right_Pallidum too bright - rescaling by 1.002 (from 1.085) to 104.4 (was 104.2)
saving intensity scales to talairach.label_intensities.txt
GCAmapRenormalizeWithAlignment() took 10.4464 min
noneg pre
Starting GCAMregister()
label assignment complete, 0 changed (0.00%)
npasses = 1, nlevels = 6
#pass# 1 of 1 ************************
enabling zero nodes
setting smoothness cost coefficient to 0.008

#GCAMreg# pass 0 level1 5 level2 0 tsec 0 sigma 2
l_jacobian=1.00 l_label=1.00 l_log_likelihood=0.20 l_smoothness=0.01 
tol=5.00e-02, dt=5.00e-02, exp_k=20.0, momentum=0.90, levels=6, niter=500, lbl_dist=10.00, avgs=256, sigma=2.0,type=2, relabel=0, neg=no

blurring input image with Gaussian with sigma=2.000...
GCAMRegisterLevel(): init RMS 0.788008











































































#GCAMreg# pass 0 level1 5 level2 1 tsec 2762.96 sigma 0.5
l_jacobian=1.00 l_label=1.00 l_log_likelihood=0.20 l_smoothness=0.01 
tol=5.00e-02, dt=5.00e-02, exp_k=20.0, momentum=0.90, levels=6, niter=500, lbl_dist=10.00, avgs=256, sigma=0.5,type=2, relabel=0, neg=no

blurring input image with Gaussian with sigma=0.500...
GCAMRegisterLevel(): init RMS 0.640566





setting smoothness cost coefficient to 0.031

#GCAMreg# pass 0 level1 4 level2 0 tsec 0 sigma 2
l_jacobian=1.00 l_label=1.00 l_log_likelihood=0.20 l_smoothness=0.03 
tol=5.00e-02, dt=5.00e-02, exp_k=20.0, momentum=0.90, levels=6, niter=500, lbl_dist=10.00, avgs=64, sigma=2.0,type=2, relabel=0, neg=no

blurring input image with Gaussian with sigma=2.000...
GCAMRegisterLevel(): init RMS 0.642202

































































































































































#GCAMreg# pass 0 level1 4 level2 1 tsec 3236.89 sigma 0.5
l_jacobian=1.00 l_label=1.00 l_log_likelihood=0.20 l_smoothness=0.03 
tol=5.00e-02, dt=5.00e-02, exp_k=20.0, momentum=0.90, levels=6, niter=500, lbl_dist=10.00, avgs=64, sigma=0.5,type=2, relabel=0, neg=no

blurring input image with Gaussian with sigma=0.500...
GCAMRegisterLevel(): init RMS 0.555575

























setting smoothness cost coefficient to 0.118

#GCAMreg# pass 0 level1 3 level2 0 tsec 0 sigma 2
l_jacobian=1.00 l_label=1.00 l_log_likelihood=0.20 l_smoothness=0.12 
tol=5.00e-02, dt=5.00e-02, exp_k=20.0, momentum=0.90, levels=6, niter=500, lbl_dist=10.00, avgs=16, sigma=2.0,type=2, relabel=0, neg=no

blurring input image with Gaussian with sigma=2.000...
GCAMRegisterLevel(): init RMS 0.56617









































































#GCAMreg# pass 0 level1 3 level2 1 tsec 1809.04 sigma 0.5
l_jacobian=1.00 l_label=1.00 l_log_likelihood=0.20 l_smoothness=0.12 
tol=5.00e-02, dt=5.00e-02, exp_k=20.0, momentum=0.90, levels=6, niter=500, lbl_dist=10.00, avgs=16, sigma=0.5,type=2, relabel=0, neg=no

blurring input image with Gaussian with sigma=0.500...
GCAMRegisterLevel(): init RMS 0.525453



















setting smoothness cost coefficient to 0.400

#GCAMreg# pass 0 level1 2 level2 0 tsec 0 sigma 2
l_jacobian=1.00 l_label=1.00 l_log_likelihood=0.20 l_smoothness=0.40 
tol=5.00e-02, dt=5.00e-02, exp_k=20.0, momentum=0.90, levels=6, niter=500, lbl_dist=10.00, avgs=4, sigma=2.0,type=2, relabel=0, neg=no

blurring input image with Gaussian with sigma=2.000...
GCAMRegisterLevel(): init RMS 0.547907



#GCAMreg# pass 0 level1 2 level2 1 tsec 77.889 sigma 0.5
l_jacobian=1.00 l_label=1.00 l_log_likelihood=0.20 l_smoothness=0.40 
tol=5.00e-02, dt=5.00e-02, exp_k=20.0, momentum=0.90, levels=6, niter=500, lbl_dist=10.00, avgs=4, sigma=0.5,type=2, relabel=0, neg=no

blurring input image with Gaussian with sigma=0.500...
GCAMRegisterLevel(): init RMS 0.547907


setting smoothness cost coefficient to 1.000

#GCAMreg# pass 0 level1 1 level2 0 tsec 0 sigma 2
l_jacobian=1.00 l_label=1.00 l_log_likelihood=0.20 l_smoothness=1.00 
tol=5.00e-02, dt=5.00e-02, exp_k=20.0, momentum=0.90, levels=6, niter=500, lbl_dist=10.00, avgs=1, sigma=2.0,type=2, relabel=0, neg=no

blurring input image with Gaussian with sigma=2.000...
GCAMRegisterLevel(): init RMS 0.605419



#GCAMreg# pass 0 level1 1 level2 1 tsec 98.267 sigma 0.5
l_jacobian=1.00 l_label=1.00 l_log_likelihood=0.20 l_smoothness=1.00 
tol=5.00e-02, dt=5.00e-02, exp_k=20.0, momentum=0.90, levels=6, niter=500, lbl_dist=10.00, avgs=1, sigma=0.5,type=2, relabel=0, neg=no

blurring input image with Gaussian with sigma=0.500...
GCAMRegisterLevel(): init RMS 0.601257


resetting metric properties...
setting smoothness cost coefficient to 2.000

#GCAMreg# pass 0 level1 0 level2 0 tsec 0 sigma 2
l_jacobian=1.00 l_label=1.00 l_log_likelihood=0.20 l_smoothness=2.00 
tol=5.00e-02, dt=5.00e-02, exp_k=20.0, momentum=0.90, levels=6, niter=500, lbl_dist=10.00, avgs=0, sigma=2.0,type=2, relabel=0, neg=no

blurring input image with Gaussian with sigma=2.000...
GCAMRegisterLevel(): init RMS 0.531137



























